#
# There is insufficient memory for the Java Runtime Environment to continue.
# Native memory allocation (mmap) failed to map 133693440 bytes for committing reserved memory.
# Possible reasons:
#   The system is out of physical RAM or swap space
#   In 32 bit mode, the process size limit was hit
# Possible solutions:
#   Reduce memory load on the system
#   Increase physical memory or swap space
#   Check if swap backing store is full
#   Use 64 bit Java on a 64 bit OS
#   Decrease Java heap size (-Xmx/-Xms)
#   Decrease number of Java threads
#   Decrease Java thread stack sizes (-Xss)
#   Set larger code cache with -XX:ReservedCodeCacheSize=
# This output file may be truncated or incomplete.
#
#  Out of Memory Error (os_linux.cpp:2627), pid=28525, tid=0x00007fd90c8f8700
#
# JRE version: OpenJDK Runtime Environment (8.0_112-b06) (build 1.8.0_112-release-b06)
# Java VM: OpenJDK 64-Bit Server VM (25.112-b06 mixed mode linux-amd64 compressed oops)
# Failed to write core dump. Core dumps have been disabled. To enable core dumping, try "ulimit -c unlimited" before starting Java again
#

---------------  T H R E A D  ---------------

Current thread (0x00007fd91c077800):  VMThread [stack: 0x00007fd90c7f8000,0x00007fd90c8f9000] [id=28534]

Stack: [0x00007fd90c7f8000,0x00007fd90c8f9000],  sp=0x00007fd90c8f74d0,  free space=1021k
Native frames: (J=compiled Java code, j=interpreted, Vv=VM code, C=native code)
V  [libjvm.so+0x9e465d]  VMError::report_and_die()+0x15d
V  [libjvm.so+0x4b6ada]  report_vm_out_of_memory(char const*, int, unsigned long, VMErrorType, char const*)+0x8a
V  [libjvm.so+0x84c860]  os::pd_commit_memory(char*, unsigned long, unsigned long, bool)+0xf0
V  [libjvm.so+0x84737f]  os::commit_memory(char*, unsigned long, unsigned long, bool)+0x1f
V  [libjvm.so+0x8bd3db]  PSVirtualSpace::expand_by(unsigned long)+0x5b
V  [libjvm.so+0x8ae1bb]  PSOldGen::expand_by(unsigned long) [clone .part.109]+0x1b
V  [libjvm.so+0x8ae37b]  PSOldGen::expand(unsigned long) [clone .part.111]+0xdb
V  [libjvm.so+0x8aec58]  PSOldGen::resize(unsigned long)+0x188
V  [libjvm.so+0x8b426c]  PSParallelCompact::invoke_no_policy(bool)+0x97c
V  [libjvm.so+0x8bb37d]  PSScavenge::invoke()+0x17d
V  [libjvm.so+0x86fcf3]  ParallelScavengeHeap::failed_mem_allocate(unsigned long)+0x63
V  [libjvm.so+0x9e6124]  VM_ParallelGCFailedAllocation::doit()+0x84
V  [libjvm.so+0x9ea537]  VM_Operation::evaluate()+0x47
V  [libjvm.so+0x9e8ff8]  VMThread::evaluate_operation(VM_Operation*)+0x2c8
V  [libjvm.so+0x9e9479]  VMThread::loop()+0x219
V  [libjvm.so+0x9e98c2]  VMThread::run()+0x72
V  [libjvm.so+0x849c82]  java_start(Thread*)+0xf2

VM_Operation (0x00007fd89b0b6080): ParallelGCFailedAllocation, mode: safepoint, requested by thread 0x00007fd888032000


---------------  P R O C E S S  ---------------

Java Threads: ( => current thread )
  0x00007fd888032000 JavaThread "pool-15-thread-4" [_thread_blocked, id=29282, stack(0x00007fd89afb7000,0x00007fd89b0b8000)]
  0x00007fd888031000 JavaThread "pool-15-thread-3" [_thread_blocked, id=29281, stack(0x00007fd89b4f5000,0x00007fd89b5f6000)]
  0x00007fd888030000 JavaThread "pool-15-thread-2" [_thread_blocked, id=29280, stack(0x00007fd89b7f8000,0x00007fd89b8f9000)]
  0x00007fd88802d800 JavaThread "pool-17-thread-1" [_thread_blocked, id=29279, stack(0x00007fd89b2f3000,0x00007fd89b3f4000)]
  0x00007fd88802c800 JavaThread "pool-15-thread-1" [_thread_blocked, id=29278, stack(0x00007fd89bdfe000,0x00007fd89beff000)]
  0x00007fd89c002000 JavaThread "pool-11-thread-2" [_thread_blocked, id=29272, stack(0x00007fd89b6f7000,0x00007fd89b7f8000)]
  0x00007fd8b4004800 JavaThread "pool-11-thread-1" [_thread_blocked, id=29271, stack(0x00007fd89b9fa000,0x00007fd89bafb000)]
  0x00007fd8fc02e000 JavaThread "process reaper" daemon [_thread_blocked, id=29250, stack(0x00007fd89b1b9000,0x00007fd89b1f2000)]
  0x00007fd88c001800 JavaThread "process reaper" daemon [_thread_blocked, id=29248, stack(0x00007fd8d4084000,0x00007fd8d40bd000)]
  0x00007fd8f803c800 JavaThread "process reaper" daemon [_thread_blocked, id=29245, stack(0x00007fd8d404b000,0x00007fd8d4084000)]
  0x00007fd888007800 JavaThread "process reaper" daemon [_thread_blocked, id=29236, stack(0x00007fd8d4012000,0x00007fd8d404b000)]
  0x00007fd890001800 JavaThread "process reaper" daemon [_thread_blocked, id=29233, stack(0x00007fd8d657d000,0x00007fd8d65b6000)]
  0x00007fd8b805f800 JavaThread "pool-9-thread-4" [_thread_blocked, id=29226, stack(0x00007fd89beff000,0x00007fd89c000000)]
  0x00007fd8b805f000 JavaThread "pool-9-thread-3" [_thread_blocked, id=29225, stack(0x00007fd8d40bd000,0x00007fd8d41be000)]
  0x00007fd8b805d800 JavaThread "pool-9-thread-2" [_thread_blocked, id=29224, stack(0x00007fd8d41be000,0x00007fd8d42bf000)]
  0x00007fd8b805b800 JavaThread "pool-9-thread-1" [_thread_blocked, id=29223, stack(0x00007fd8d42bf000,0x00007fd8d43c0000)]
  0x00007fd8b8057800 JavaThread "Cache update executor" [_thread_blocked, id=29221, stack(0x00007fd8d47c0000,0x00007fd8d48c1000)]
  0x00007fd8b8003800 JavaThread "Stdin handler" [_thread_blocked, id=29212, stack(0x00007fd8d6b31000,0x00007fd8d6c32000)]
  0x00007fd8b8002800 JavaThread "Asynchronous log dispatcher for DefaultDaemonConnection: socket connection from /127.0.0.1:41341 to /127.0.0.1:38322" [_thread_blocked, id=29211, stack(0x00007fd8d6c32000,0x00007fd8d6d33000)]
  0x00007fd8c4007000 JavaThread "Daemon worker Thread 2" [_thread_blocked, id=29210, stack(0x00007fd8d6e34000,0x00007fd8d6f35000)]
  0x00007fd8c4009000 JavaThread "Cancel handler" [_thread_blocked, id=29209, stack(0x00007fd8d7135000,0x00007fd8d7236000)]
  0x00007fd8c4003800 JavaThread "Handler for socket connection from /127.0.0.1:41341 to /127.0.0.1:38322" [_thread_in_native, id=29208, stack(0x00007fd8d6d33000,0x00007fd8d6e34000)]
  0x00007fd8cc018800 JavaThread "Daemon Thread 2" [_thread_blocked, id=29207, stack(0x00007fd8d7236000,0x00007fd8d7337000)]
  0x00007fd8c0a18800 JavaThread "File lock request listener" [_thread_in_native, id=28564, stack(0x00007fd8d5e07000,0x00007fd8d5f08000)]
  0x00007fd91c491000 JavaThread "pool-1-thread-1" [_thread_blocked, id=28559, stack(0x00007fd8d6a30000,0x00007fd8d6b31000)]
  0x00007fd91cc7e000 JavaThread "Incoming local TCP Connector on port 41341" [_thread_in_native, id=28549, stack(0x00007fd8d753e000,0x00007fd8d763f000)]
  0x00007fd91c0c0800 JavaThread "Service Thread" daemon [_thread_blocked, id=28542, stack(0x00007fd904dfe000,0x00007fd904eff000)]
  0x00007fd91c0bd800 JavaThread "C1 CompilerThread2" daemon [_thread_blocked, id=28541, stack(0x00007fd904eff000,0x00007fd905000000)]
  0x00007fd91c0bb800 JavaThread "C2 CompilerThread1" daemon [_thread_blocked, id=28540, stack(0x00007fd90c017000,0x00007fd90c118000)]
  0x00007fd91c0b8800 JavaThread "C2 CompilerThread0" daemon [_thread_blocked, id=28539, stack(0x00007fd90c118000,0x00007fd90c219000)]
  0x00007fd91c0b7000 JavaThread "Signal Dispatcher" daemon [_thread_blocked, id=28538, stack(0x00007fd90c219000,0x00007fd90c31a000)]
  0x00007fd91c083800 JavaThread "Finalizer" daemon [_thread_blocked, id=28536, stack(0x00007fd90c5f6000,0x00007fd90c6f7000)]
  0x00007fd91c07f000 JavaThread "Reference Handler" daemon [_thread_blocked, id=28535, stack(0x00007fd90c6f7000,0x00007fd90c7f8000)]
  0x00007fd91c00a000 JavaThread "main" [_thread_blocked, id=28528, stack(0x00007fd92508a000,0x00007fd92518b000)]

Other Threads:
=>0x00007fd91c077800 VMThread [stack: 0x00007fd90c7f8000,0x00007fd90c8f9000] [id=28534]
  0x00007fd91c0c3000 WatcherThread [stack: 0x00007fd904cfd000,0x00007fd904dfe000] [id=28543]

VM state:at safepoint (normal execution)

VM Mutex/Monitor currently owned by a thread:  ([mutex/lock_event])
[0x00007fd91c005d30] ExpandHeap_lock - owner thread: 0x00007fd91c077800
[0x00007fd91c0063b0] Threads_lock - owner thread: 0x00007fd91c077800
[0x00007fd91c0068b0] Heap_lock - owner thread: 0x00007fd888032000

Heap:
 PSYoungGen      total 371200K, used 0K [0x00000000e0000000, 0x0000000100000000, 0x0000000100000000)
  eden space 249856K, 0% used [0x00000000e0000000,0x00000000e0000000,0x00000000ef400000)
  from space 121344K, 0% used [0x00000000f8980000,0x00000000f8980000,0x0000000100000000)
  to   space 137216K, 0% used [0x00000000ef400000,0x00000000ef400000,0x00000000f7a00000)
 ParOldGen       total 335872K, used 259214K [0x00000000a0000000, 0x00000000b4800000, 0x00000000e0000000)
  object space 335872K, 77% used [0x00000000a0000000,0x00000000afd23a10,0x00000000b4800000)
 Metaspace       used 64852K, capacity 66710K, committed 66944K, reserved 1107968K
  class space    used 8141K, capacity 8508K, committed 8576K, reserved 1048576K

Card table byte_map: [0x00007fd921c25000,0x00007fd921f26000] byte_map_base: 0x00007fd921725000

Marking Bits: (ParMarkBitMap*) 0x00007fd924562340
 Begin Bits: [0x00007fd905000000, 0x00007fd906800000)
 End Bits:   [0x00007fd906800000, 0x00007fd908000000)

Polling page: 0x00007fd9251b2000

CodeCache: size=245760Kb used=40105Kb max_used=40105Kb free=205655Kb
 bounds [0x00007fd90d000000, 0x00007fd90f770000, 0x00007fd91c000000]
 total_blobs=12403 nmethods=11623 adapters=693
 compilation: enabled

Compilation events (10 events):
Event: 142,348 Thread 0x00007fd91c0bd800 14747 %     3       com.android.dx.cf.code.BaseMachine::popArgs @ 21 (127 bytes)
Event: 142,350 Thread 0x00007fd91c0bd800 nmethod 14747% 0x00007fd90f75a310 code [0x00007fd90f75a620, 0x00007fd90f75c028]
Event: 142,362 Thread 0x00007fd91c0bd800 14748       3       com.android.dx.ssa.SsaBasicBlock::replaceSuccessor (125 bytes)
Event: 142,364 Thread 0x00007fd91c0bd800 nmethod 14748 0x00007fd90f73a250 code [0x00007fd90f73a4e0, 0x00007fd90f73b4f8]
Event: 142,402 Thread 0x00007fd91c0bd800 14750 %     3       com.android.dx.ssa.back.SsaToRop$1::visitBlock @ 50 (97 bytes)
Event: 142,404 Thread 0x00007fd91c0bd800 nmethod 14750% 0x00007fd90f75cc90 code [0x00007fd90f75cf20, 0x00007fd90f75e168]
Event: 142,462 Thread 0x00007fd91c0bd800 14751       2       com.android.dx.command.dexer.Main$ClassDefItemConsumer::<init> (32 bytes)
Event: 142,463 Thread 0x00007fd91c0bd800 nmethod 14751 0x00007fd90f70a7d0 code [0x00007fd90f70a920, 0x00007fd90f70aab0]
Event: 142,534 Thread 0x00007fd91c0bd800 14752       2       com.android.dx.ssa.back.FirstFitLocalCombiningAllocator::findRangeAndAdjust (311 bytes)
Event: 142,537 Thread 0x00007fd91c0bd800 nmethod 14752 0x00007fd90f75ead0 code [0x00007fd90f75ed40, 0x00007fd90f75f758]

GC Heap History (10 events):
Event: 138,552 GC heap after
Heap after GC invocations=31 (full 4):
 PSYoungGen      total 292352K, used 38395K [0x00000000e0000000, 0x00000000fc700000, 0x0000000100000000)
  eden space 253952K, 0% used [0x00000000e0000000,0x00000000e0000000,0x00000000ef800000)
  from space 38400K, 99% used [0x00000000ef800000,0x00000000f1d7ecd0,0x00000000f1d80000)
  to   space 79872K, 0% used [0x00000000f7900000,0x00000000f7900000,0x00000000fc700000)
 ParOldGen       total 177664K, used 172801K [0x00000000a0000000, 0x00000000aad80000, 0x00000000e0000000)
  object space 177664K, 97% used [0x00000000a0000000,0x00000000aa8c04d8,0x00000000aad80000)
 Metaspace       used 64746K, capacity 66646K, committed 66944K, reserved 1107968K
  class space    used 8140K, capacity 8508K, committed 8576K, reserved 1048576K
}
Event: 138,552 GC heap before
{Heap before GC invocations=32 (full 5):
 PSYoungGen      total 292352K, used 38395K [0x00000000e0000000, 0x00000000fc700000, 0x0000000100000000)
  eden space 253952K, 0% used [0x00000000e0000000,0x00000000e0000000,0x00000000ef800000)
  from space 38400K, 99% used [0x00000000ef800000,0x00000000f1d7ecd0,0x00000000f1d80000)
  to   space 79872K, 0% used [0x00000000f7900000,0x00000000f7900000,0x00000000fc700000)
 ParOldGen       total 177664K, used 172801K [0x00000000a0000000, 0x00000000aad80000, 0x00000000e0000000)
  object space 177664K, 97% used [0x00000000a0000000,0x00000000aa8c04d8,0x00000000aad80000)
 Metaspace       used 64746K, capacity 66646K, committed 66944K, reserved 1107968K
  class space    used 8140K, capacity 8508K, committed 8576K, reserved 1048576K
Event: 139,434 GC heap after
Heap after GC invocations=32 (full 5):
 PSYoungGen      total 292352K, used 19844K [0x00000000e0000000, 0x00000000fc700000, 0x0000000100000000)
  eden space 253952K, 0% used [0x00000000e0000000,0x00000000e0000000,0x00000000ef800000)
  from space 38400K, 51% used [0x00000000ef800000,0x00000000f0b61180,0x00000000f1d80000)
  to   space 79872K, 0% used [0x00000000f7900000,0x00000000f7900000,0x00000000fc700000)
 ParOldGen       total 335872K, used 177523K [0x00000000a0000000, 0x00000000b4800000, 0x00000000e0000000)
  object space 335872K, 52% used [0x00000000a0000000,0x00000000aad5cc70,0x00000000b4800000)
 Metaspace       used 64746K, capacity 66646K, committed 66944K, reserved 1107968K
  class space    used 8140K, capacity 8508K, committed 8576K, reserved 1048576K
}
Event: 140,072 GC heap before
{Heap before GC invocations=33 (full 5):
 PSYoungGen      total 292352K, used 273796K [0x00000000e0000000, 0x00000000fc700000, 0x0000000100000000)
  eden space 253952K, 100% used [0x00000000e0000000,0x00000000ef800000,0x00000000ef800000)
  from space 38400K, 51% used [0x00000000ef800000,0x00000000f0b61180,0x00000000f1d80000)
  to   space 79872K, 0% used [0x00000000f7900000,0x00000000f7900000,0x00000000fc700000)
 ParOldGen       total 335872K, used 177523K [0x00000000a0000000, 0x00000000b4800000, 0x00000000e0000000)
  object space 335872K, 52% used [0x00000000a0000000,0x00000000aad5cc70,0x00000000b4800000)
 Metaspace       used 64784K, capacity 66710K, committed 66944K, reserved 1107968K
  class space    used 8140K, capacity 8508K, committed 8576K, reserved 1048576K
Event: 140,233 GC heap after
Heap after GC invocations=33 (full 5):
 PSYoungGen      total 349184K, used 66027K [0x00000000e0000000, 0x00000000fbe00000, 0x0000000100000000)
  eden space 278528K, 0% used [0x00000000e0000000,0x00000000e0000000,0x00000000f1000000)
  from space 70656K, 93% used [0x00000000f7900000,0x00000000fb97af20,0x00000000fbe00000)
  to   space 89088K, 0% used [0x00000000f1000000,0x00000000f1000000,0x00000000f6700000)
 ParOldGen       total 335872K, used 198299K [0x00000000a0000000, 0x00000000b4800000, 0x00000000e0000000)
  object space 335872K, 59% used [0x00000000a0000000,0x00000000ac1a6d98,0x00000000b4800000)
 Metaspace       used 64784K, capacity 66710K, committed 66944K, reserved 1107968K
  class space    used 8140K, capacity 8508K, committed 8576K, reserved 1048576K
}
Event: 141,686 GC heap before
{Heap before GC invocations=34 (full 5):
 PSYoungGen      total 349184K, used 344555K [0x00000000e0000000, 0x00000000fbe00000, 0x0000000100000000)
  eden space 278528K, 100% used [0x00000000e0000000,0x00000000f1000000,0x00000000f1000000)
  from space 70656K, 93% used [0x00000000f7900000,0x00000000fb97af20,0x00000000fbe00000)
  to   space 89088K, 0% used [0x00000000f1000000,0x00000000f1000000,0x00000000f6700000)
 ParOldGen       total 335872K, used 198299K [0x00000000a0000000, 0x00000000b4800000, 0x00000000e0000000)
  object space 335872K, 59% used [0x00000000a0000000,0x00000000ac1a6d98,0x00000000b4800000)
 Metaspace       used 64845K, capacity 66710K, committed 66944K, reserved 1107968K
  class space    used 8141K, capacity 8508K, committed 8576K, reserved 1048576K
Event: 141,861 GC heap after
Heap after GC invocations=34 (full 5):
 PSYoungGen      total 367616K, used 89083K [0x00000000e0000000, 0x0000000100000000, 0x0000000100000000)
  eden space 278528K, 0% used [0x00000000e0000000,0x00000000e0000000,0x00000000f1000000)
  from space 89088K, 99% used [0x00000000f1000000,0x00000000f66fef90,0x00000000f6700000)
  to   space 121344K, 0% used [0x00000000f8980000,0x00000000f8980000,0x0000000100000000)
 ParOldGen       total 335872K, used 243574K [0x00000000a0000000, 0x00000000b4800000, 0x00000000e0000000)
  object space 335872K, 72% used [0x00000000a0000000,0x00000000aeddda50,0x00000000b4800000)
 Metaspace       used 64845K, capacity 66710K, committed 66944K, reserved 1107968K
  class space    used 8141K, capacity 8508K, committed 8576K, reserved 1048576K
}
Event: 142,542 GC heap before
{Heap before GC invocations=35 (full 5):
 PSYoungGen      total 367616K, used 367611K [0x00000000e0000000, 0x0000000100000000, 0x0000000100000000)
  eden space 278528K, 100% used [0x00000000e0000000,0x00000000f1000000,0x00000000f1000000)
  from space 89088K, 99% used [0x00000000f1000000,0x00000000f66fef90,0x00000000f6700000)
  to   space 121344K, 0% used [0x00000000f8980000,0x00000000f8980000,0x0000000100000000)
 ParOldGen       total 335872K, used 243574K [0x00000000a0000000, 0x00000000b4800000, 0x00000000e0000000)
  object space 335872K, 72% used [0x00000000a0000000,0x00000000aeddda50,0x00000000b4800000)
 Metaspace       used 64852K, capacity 66710K, committed 66944K, reserved 1107968K
  class space    used 8141K, capacity 8508K, committed 8576K, reserved 1048576K
Event: 142,952 GC heap after
Heap after GC invocations=35 (full 5):
 PSYoungGen      total 371200K, used 105411K [0x00000000e0000000, 0x0000000100000000, 0x0000000100000000)
  eden space 249856K, 0% used [0x00000000e0000000,0x00000000e0000000,0x00000000ef400000)
  from space 121344K, 86% used [0x00000000f8980000,0x00000000ff070ca0,0x0000000100000000)
  to   space 137216K, 0% used [0x00000000ef400000,0x00000000ef400000,0x00000000f7a00000)
 ParOldGen       total 335872K, used 328325K [0x00000000a0000000, 0x00000000b4800000, 0x00000000e0000000)
  object space 335872K, 97% used [0x00000000a0000000,0x00000000b40a15f8,0x00000000b4800000)
 Metaspace       used 64852K, capacity 66710K, committed 66944K, reserved 1107968K
  class space    used 8141K, capacity 8508K, committed 8576K, reserved 1048576K
}
Event: 142,952 GC heap before
{Heap before GC invocations=36 (full 6):
 PSYoungGen      total 371200K, used 105411K [0x00000000e0000000, 0x0000000100000000, 0x0000000100000000)
  eden space 249856K, 0% used [0x00000000e0000000,0x00000000e0000000,0x00000000ef400000)
  from space 121344K, 86% used [0x00000000f8980000,0x00000000ff070ca0,0x0000000100000000)
  to   space 137216K, 0% used [0x00000000ef400000,0x00000000ef400000,0x00000000f7a00000)
 ParOldGen       total 335872K, used 328325K [0x00000000a0000000, 0x00000000b4800000, 0x00000000e0000000)
  object space 335872K, 97% used [0x00000000a0000000,0x00000000b40a15f8,0x00000000b4800000)
 Metaspace       used 64852K, capacity 66710K, committed 66944K, reserved 1107968K
  class space    used 8141K, capacity 8508K, committed 8576K, reserved 1048576K

Deoptimization events (10 events):
Event: 137,231 Thread 0x00007fd8b4004800 Uncommon trap: reason=class_check action=maybe_recompile pc=0x00007fd90f4085e8 method=com.android.dx.cf.code.BytecodeArray.parseInstruction(ILcom/android/dx/cf/code/BytecodeArray$Visitor;)I @ 1672
Event: 137,247 Thread 0x00007fd8b4004800 Uncommon trap: reason=class_check action=maybe_recompile pc=0x00007fd90f4085e8 method=com.android.dx.cf.code.BytecodeArray.parseInstruction(ILcom/android/dx/cf/code/BytecodeArray$Visitor;)I @ 1672
Event: 137,277 Thread 0x00007fd8b4004800 Uncommon trap: reason=bimorphic action=maybe_recompile pc=0x00007fd90f40826c method=com.android.dx.cf.code.BytecodeArray.parseInstruction(ILcom/android/dx/cf/code/BytecodeArray$Visitor;)I @ 1357
Event: 137,277 Thread 0x00007fd8b4004800 Uncommon trap: reason=bimorphic action=maybe_recompile pc=0x00007fd90f40826c method=com.android.dx.cf.code.BytecodeArray.parseInstruction(ILcom/android/dx/cf/code/BytecodeArray$Visitor;)I @ 1357
Event: 137,283 Thread 0x00007fd8b4004800 Uncommon trap: reason=bimorphic action=maybe_recompile pc=0x00007fd90f406fe8 method=com.android.dx.cf.code.BytecodeArray.parseInstruction(ILcom/android/dx/cf/code/BytecodeArray$Visitor;)I @ 2135
Event: 137,294 Thread 0x00007fd8b4004800 Uncommon trap: reason=bimorphic action=maybe_recompile pc=0x00007fd90f406fe8 method=com.android.dx.cf.code.BytecodeArray.parseInstruction(ILcom/android/dx/cf/code/BytecodeArray$Visitor;)I @ 2135
Event: 137,884 Thread 0x00007fd8b4004800 Uncommon trap: reason=unstable_if action=reinterpret pc=0x00007fd90f4d1af4 method=com.android.dx.ssa.SCCP.simulateStmt(Lcom/android/dx/ssa/SsaInsn;)V @ 59
Event: 139,819 Thread 0x00007fd8b4004800 Uncommon trap: reason=bimorphic action=maybe_recompile pc=0x00007fd90f650e4c method=com.android.dx.cf.code.BytecodeArray.parseInstruction(ILcom/android/dx/cf/code/BytecodeArray$Visitor;)I @ 1501
Event: 139,819 Thread 0x00007fd8b4004800 Uncommon trap: reason=bimorphic action=maybe_recompile pc=0x00007fd90f650e4c method=com.android.dx.cf.code.BytecodeArray.parseInstruction(ILcom/android/dx/cf/code/BytecodeArray$Visitor;)I @ 1501
Event: 141,359 Thread 0x00007fd8b4004800 Uncommon trap: reason=unstable_if action=reinterpret pc=0x00007fd90f633240 method=java.util.concurrent.ConcurrentHashMap.putVal(Ljava/lang/Object;Ljava/lang/Object;Z)Ljava/lang/Object; @ 331

Internal exceptions (10 events):
Event: 132,771 Thread 0x00007fd8b805f800 Exception <a 'sun/nio/fs/UnixException'> (0x00000000eb0edaf8) thrown at [/ssd/Android/AOSP-openjdk/external/jetbrains/jdk/hotspot/src/share/vm/prims/jni.cpp, line 709]
Event: 132,771 Thread 0x00007fd8b805d800 Exception <a 'sun/nio/fs/UnixException'> (0x00000000eb13cb08) thrown at [/ssd/Android/AOSP-openjdk/external/jetbrains/jdk/hotspot/src/share/vm/prims/jni.cpp, line 709]
Event: 132,797 Thread 0x00007fd8b805f800 Exception <a 'sun/nio/fs/UnixException'> (0x00000000eb10de40) thrown at [/ssd/Android/AOSP-openjdk/external/jetbrains/jdk/hotspot/src/share/vm/prims/jni.cpp, line 709]
Event: 132,812 Thread 0x00007fd8b805f800 Exception <a 'sun/nio/fs/UnixException'> (0x00000000eb180f10) thrown at [/ssd/Android/AOSP-openjdk/external/jetbrains/jdk/hotspot/src/share/vm/prims/jni.cpp, line 709]
Event: 132,812 Thread 0x00007fd8b805d800 Exception <a 'sun/nio/fs/UnixException'> (0x00000000eb15cc58) thrown at [/ssd/Android/AOSP-openjdk/external/jetbrains/jdk/hotspot/src/share/vm/prims/jni.cpp, line 709]
Event: 132,818 Thread 0x00007fd8b805f800 Exception <a 'sun/nio/fs/UnixException'> (0x00000000eb1a1290) thrown at [/ssd/Android/AOSP-openjdk/external/jetbrains/jdk/hotspot/src/share/vm/prims/jni.cpp, line 709]
Event: 132,833 Thread 0x00007fd8b805f800 Exception <a 'sun/nio/fs/UnixException'> (0x00000000eb1c1720) thrown at [/ssd/Android/AOSP-openjdk/external/jetbrains/jdk/hotspot/src/share/vm/prims/jni.cpp, line 709]
Event: 132,837 Thread 0x00007fd8b805d800 Exception <a 'sun/nio/fs/UnixException'> (0x00000000eb1d0368) thrown at [/ssd/Android/AOSP-openjdk/external/jetbrains/jdk/hotspot/src/share/vm/prims/jni.cpp, line 709]
Event: 132,847 Thread 0x00007fd8b805f800 Exception <a 'sun/nio/fs/UnixException'> (0x00000000eb2349b8) thrown at [/ssd/Android/AOSP-openjdk/external/jetbrains/jdk/hotspot/src/share/vm/prims/jni.cpp, line 709]
Event: 134,056 Thread 0x00007fd8b4004800 Implicit null exception at 0x00007fd90e7545a2 to 0x00007fd90e754693

Events (10 events):
Event: 142,508 Thread 0x00007fd888031000 DEOPT UNPACKING pc=0x00007fd90d047373 sp=0x00007fd89b5f3ce0 mode 0
Event: 142,511 Thread 0x00007fd888031000 DEOPT PACKING pc=0x00007fd90e75794d sp=0x00007fd89b5f4080
Event: 142,511 Thread 0x00007fd888031000 DEOPT UNPACKING pc=0x00007fd90d047373 sp=0x00007fd89b5f3e10 mode 0
Event: 142,515 Thread 0x00007fd888031000 DEOPT PACKING pc=0x00007fd90e8dbba0 sp=0x00007fd89b5f3fe0
Event: 142,515 Thread 0x00007fd888031000 DEOPT UNPACKING pc=0x00007fd90d047373 sp=0x00007fd89b5f3de0 mode 0
Event: 142,532 Thread 0x00007fd8b4004800 DEOPT PACKING pc=0x00007fd90e8dbba0 sp=0x00007fd89baf8650
Event: 142,532 Thread 0x00007fd8b4004800 DEOPT UNPACKING pc=0x00007fd90d047373 sp=0x00007fd89baf8450 mode 0
Event: 142,538 Thread 0x00007fd8b4004800 DEOPT PACKING pc=0x00007fd90ebcd748 sp=0x00007fd89baf8710
Event: 142,538 Thread 0x00007fd8b4004800 DEOPT UNPACKING pc=0x00007fd90d047373 sp=0x00007fd89baf8540 mode 0
Event: 142,540 Executing VM operation: ParallelGCFailedAllocation


Dynamic libraries:
00400000-00401000 r-xp 00000000 08:05 2634997                            /home/whitehat/android-studio/jre/bin/java
00600000-00601000 r--p 00000000 08:05 2634997                            /home/whitehat/android-studio/jre/bin/java
00601000-00602000 rw-p 00001000 08:05 2634997                            /home/whitehat/android-studio/jre/bin/java
0089b000-008bc000 rw-p 00000000 00:00 0                                  [heap]
a0000000-b4800000 rw-p 00000000 00:00 0 
bc780000-e0000000 ---p 00000000 00:00 0 
e0000000-100000000 rw-p 00000000 00:00 0 
100000000-100860000 rw-p 00000000 00:00 0 
100860000-140000000 ---p 00000000 00:00 0 
7fd888000000-7fd888370000 rw-p 00000000 00:00 0 
7fd888370000-7fd88c000000 ---p 00000000 00:00 0 
7fd88c000000-7fd88c021000 rw-p 00000000 00:00 0 
7fd88c021000-7fd890000000 ---p 00000000 00:00 0 
7fd890000000-7fd890021000 rw-p 00000000 00:00 0 
7fd890021000-7fd894000000 ---p 00000000 00:00 0 
7fd894000000-7fd894021000 rw-p 00000000 00:00 0 
7fd894021000-7fd898000000 ---p 00000000 00:00 0 
7fd89a2a3000-7fd89a3a3000 rw-p 00000000 00:00 0 
7fd89a3a3000-7fd89a4a3000 ---p 00000000 00:00 0 
7fd89a4a3000-7fd89a4b6000 r--s 000d9000 08:05 1980299                    /home/whitehat/.android/build-cache/75548d0aa0b7528bc168c49a41fef84cee0ce0e6/output/jars/classes.jar
7fd89a4b6000-7fd89a6b6000 rw-p 00000000 00:00 0 
7fd89a6b6000-7fd89a8b6000 rw-p 00000000 00:00 0 
7fd89a8b6000-7fd89aab6000 rw-p 00000000 00:00 0 
7fd89aab6000-7fd89acb6000 rw-p 00000000 00:00 0 
7fd89acb6000-7fd89aeb6000 rw-p 00000000 00:00 0 
7fd89aeb6000-7fd89aeb9000 ---p 00000000 00:00 0 
7fd89aeb9000-7fd89afb7000 rw-p 00000000 00:00 0 
7fd89afb7000-7fd89afba000 ---p 00000000 00:00 0 
7fd89afba000-7fd89b0b8000 rw-p 00000000 00:00 0 
7fd89b0b8000-7fd89b0bb000 ---p 00000000 00:00 0 
7fd89b0bb000-7fd89b1b9000 rw-p 00000000 00:00 0 
7fd89b1b9000-7fd89b1bc000 ---p 00000000 00:00 0 
7fd89b1bc000-7fd89b1f2000 rw-p 00000000 00:00 0 
7fd89b1f2000-7fd89b1f5000 ---p 00000000 00:00 0 
7fd89b1f5000-7fd89b2f3000 rw-p 00000000 00:00 0 
7fd89b2f3000-7fd89b2f6000 ---p 00000000 00:00 0 
7fd89b2f6000-7fd89b3f4000 rw-p 00000000 00:00 0 
7fd89b3f4000-7fd89b3f7000 ---p 00000000 00:00 0 
7fd89b3f7000-7fd89b4f5000 rw-p 00000000 00:00 0 
7fd89b4f5000-7fd89b4f8000 ---p 00000000 00:00 0 
7fd89b4f8000-7fd89b5f6000 rw-p 00000000 00:00 0 
7fd89b5f6000-7fd89b5f9000 ---p 00000000 00:00 0 
7fd89b5f9000-7fd89b6f7000 rw-p 00000000 00:00 0 
7fd89b6f7000-7fd89b6fa000 ---p 00000000 00:00 0 
7fd89b6fa000-7fd89b7f8000 rw-p 00000000 00:00 0 
7fd89b7f8000-7fd89b7fb000 ---p 00000000 00:00 0 
7fd89b7fb000-7fd89b8f9000 rw-p 00000000 00:00 0 
7fd89b8f9000-7fd89b8fc000 ---p 00000000 00:00 0 
7fd89b8fc000-7fd89b9fa000 rw-p 00000000 00:00 0 
7fd89b9fa000-7fd89b9fd000 ---p 00000000 00:00 0 
7fd89b9fd000-7fd89bafb000 rw-p 00000000 00:00 0 
7fd89bafb000-7fd89bafe000 ---p 00000000 00:00 0 
7fd89bafe000-7fd89bbfc000 rw-p 00000000 00:00 0 
7fd89bbfc000-7fd89bbff000 ---p 00000000 00:00 0 
7fd89bbff000-7fd89bcfd000 rw-p 00000000 00:00 0 
7fd89bcfd000-7fd89bd00000 ---p 00000000 00:00 0 
7fd89bd00000-7fd89bdfe000 rw-p 00000000 00:00 0 
7fd89bdfe000-7fd89be01000 ---p 00000000 00:00 0 
7fd89be01000-7fd89beff000 rw-p 00000000 00:00 0 
7fd89beff000-7fd89bf02000 ---p 00000000 00:00 0 
7fd89bf02000-7fd89c000000 rw-p 00000000 00:00 0 
7fd89c000000-7fd89c021000 rw-p 00000000 00:00 0 
7fd89c021000-7fd8a0000000 ---p 00000000 00:00 0 
7fd8a0000000-7fd8a0021000 rw-p 00000000 00:00 0 
7fd8a0021000-7fd8a4000000 ---p 00000000 00:00 0 
7fd8a4000000-7fd8a4021000 rw-p 00000000 00:00 0 
7fd8a4021000-7fd8a8000000 ---p 00000000 00:00 0 
7fd8a8000000-7fd8a8071000 rw-p 00000000 00:00 0 
7fd8a8071000-7fd8ac000000 ---p 00000000 00:00 0 
7fd8ac000000-7fd8ac021000 rw-p 00000000 00:00 0 
7fd8ac021000-7fd8b0000000 ---p 00000000 00:00 0 
7fd8b0000000-7fd8b0021000 rw-p 00000000 00:00 0 
7fd8b0021000-7fd8b4000000 ---p 00000000 00:00 0 
7fd8b4000000-7fd8b4021000 rw-p 00000000 00:00 0 
7fd8b4021000-7fd8b8000000 ---p 00000000 00:00 0 
7fd8b8000000-7fd8b85e1000 rw-p 00000000 00:00 0 
7fd8b85e1000-7fd8bc000000 ---p 00000000 00:00 0 
7fd8bc000000-7fd8bc021000 rw-p 00000000 00:00 0 
7fd8bc021000-7fd8c0000000 ---p 00000000 00:00 0 
7fd8c0000000-7fd8c1417000 rw-p 00000000 00:00 0 
7fd8c1417000-7fd8c4000000 ---p 00000000 00:00 0 
7fd8c4000000-7fd8c4021000 rw-p 00000000 00:00 0 
7fd8c4021000-7fd8c8000000 ---p 00000000 00:00 0 
7fd8c8000000-7fd8c8073000 rw-p 00000000 00:00 0 
7fd8c8073000-7fd8cc000000 ---p 00000000 00:00 0 
7fd8cc000000-7fd8cc0c2000 rw-p 00000000 00:00 0 
7fd8cc0c2000-7fd8d0000000 ---p 00000000 00:00 0 
7fd8d0000000-7fd8d0021000 rw-p 00000000 00:00 0 
7fd8d0021000-7fd8d4000000 ---p 00000000 00:00 0 
7fd8d4012000-7fd8d4015000 ---p 00000000 00:00 0 
7fd8d4015000-7fd8d404b000 rw-p 00000000 00:00 0 
7fd8d404b000-7fd8d404e000 ---p 00000000 00:00 0 
7fd8d404e000-7fd8d4084000 rw-p 00000000 00:00 0 
7fd8d4084000-7fd8d4087000 ---p 00000000 00:00 0 
7fd8d4087000-7fd8d40bd000 rw-p 00000000 00:00 0 
7fd8d40bd000-7fd8d40c0000 ---p 00000000 00:00 0 
7fd8d40c0000-7fd8d41be000 rw-p 00000000 00:00 0 
7fd8d41be000-7fd8d41c1000 ---p 00000000 00:00 0 
7fd8d41c1000-7fd8d42bf000 rw-p 00000000 00:00 0 
7fd8d42bf000-7fd8d42c2000 ---p 00000000 00:00 0 
7fd8d42c2000-7fd8d45c0000 rw-p 00000000 00:00 0 
7fd8d45c0000-7fd8d47c0000 rw-p 00000000 00:00 0 
7fd8d47c0000-7fd8d47c3000 ---p 00000000 00:00 0 
7fd8d47c3000-7fd8d4ac1000 rw-p 00000000 00:00 0 
7fd8d4ac1000-7fd8d4cc1000 rw-p 00000000 00:00 0 
7fd8d4cc1000-7fd8d4ec1000 rw-p 00000000 00:00 0 
7fd8d4ec1000-7fd8d50c1000 rw-p 00000000 00:00 0 
7fd8d50c1000-7fd8d50d4000 r--s 00344000 08:05 2497625                    /home/whitehat/android-studio/jre/jre/lib/resources.jar
7fd8d50d4000-7fd8d52d4000 rw-p 00000000 00:00 0 
7fd8d52d4000-7fd8d54d4000 rw-p 00000000 00:00 0 
7fd8d54d4000-7fd8d56d4000 rw-p 00000000 00:00 0 
7fd8d56d4000-7fd8d58d4000 rw-p 00000000 00:00 0 
7fd8d58d4000-7fd8d58d5000 r--s 00001000 08:05 553731                     /home/whitehat/.gradle/caches/jars-2/e7ciphpsk2l5j93dcs6850515edzr48/annotations-25.3.1.jar
7fd8d58d5000-7fd8d58dd000 r--s 000a8000 08:05 348997                     /home/whitehat/.gradle/caches/jars-2/lp0h431tl0554nh1vx6zomcvteflkp/lombok-ast-0.2.3.jar
7fd8d58dd000-7fd8d58f1000 r--s 000b4000 08:05 553730                     /home/whitehat/.gradle/caches/jars-2/hgvw6szzawm3evod5l2d6iutfug31w0/uast-162.2228.14.jar
7fd8d58f1000-7fd8d58f3000 r--s 0000d000 08:05 348995                     /home/whitehat/.gradle/caches/jars-2/7pwz1bowgakb1eux9ezb56jlturgsyi/commons-codec-1.4.jar
7fd8d58f3000-7fd8d58f5000 r--s 0000d000 08:05 348994                     /home/whitehat/.gradle/caches/jars-2/9dj1m0eyooi5qt13735vz8fpkl3cnfy/commons-logging-1.1.1.jar
7fd8d58f5000-7fd8d58fa000 r--s 00028000 08:05 348993                     /home/whitehat/.gradle/caches/jars-2/62lv0fe9b3xbqe57f6ljy5upwi7mf6k/httpcore-4.1.jar
7fd8d58fa000-7fd8d58fe000 r--s 0002f000 08:05 348992                     /home/whitehat/.gradle/caches/jars-2/gsg5n52frsvw6sx0swqqe2hwijwdcf0/jimfs-1.1.jar
7fd8d58fe000-7fd8d58ff000 r--s 00004000 08:05 348991                     /home/whitehat/.gradle/caches/jars-2/lxs252id0979odjrerlctkb26c2vj95/annotations-12.0.jar
7fd8d58ff000-7fd8d5900000 r--s 00004000 08:05 348990                     /home/whitehat/.gradle/caches/jars-2/9kn99dr0rulyl67sct1ephwcop56l61/asm-analysis-5.0.4.jar
7fd8d5900000-7fd8d5904000 r--s 00040000 08:05 553729                     /home/whitehat/.gradle/caches/jars-2/jv75gzi0rbej3i38160kterhdw6zdd8/lint-api-25.3.1.jar
7fd8d5904000-7fd8d5905000 r--s 0000a000 08:05 348988                     /home/whitehat/.gradle/caches/jars-2/nwyg9io65lv6jvmwit2wq82xnnxd7ia/kxml2-2.3.0.jar
7fd8d5905000-7fd8d5907000 r--s 00005000 08:05 348987                     /home/whitehat/.gradle/caches/jars-2/i6hc1uuj8e9ck59slmzdyz78ydn8sr6/httpmime-4.1.jar
7fd8d5907000-7fd8d590f000 r--s 0004e000 08:05 348986                     /home/whitehat/.gradle/caches/jars-2/7503wa5irssz0xxahv1xb82p2dl7rr2/httpclient-4.1.1.jar
7fd8d590f000-7fd8d5916000 r--s 00053000 08:05 348985                     /home/whitehat/.gradle/caches/jars-2/jgkfvs4eqggj7qsyw1f5d3up57hanj1/commons-compress-1.8.1.jar
7fd8d5916000-7fd8d591b000 r--s 0002a000 08:05 348984                     /home/whitehat/.gradle/caches/jars-2/je8f027qcr1z1egw08byp1ybxbp9kko/gson-2.2.4.jar
7fd8d591b000-7fd8d5920000 r--s 0002e000 08:05 553728                     /home/whitehat/.gradle/caches/jars-2/gzyprqdcro9z5wb2kdwh4yubk8ssibh/repository-25.3.1.jar
7fd8d5920000-7fd8d5921000 r--s 00005000 08:05 553727                     /home/whitehat/.gradle/caches/jars-2/elnlyharob6vofn6fi63evkdzfkac5c/dvlib-25.3.1.jar
7fd8d5921000-7fd8d5924000 r--s 00012000 08:05 553726                     /home/whitehat/.gradle/caches/jars-2/g5ep1vx6xwdufr2dfvys3bevvs0qcgu/layoutlib-api-25.3.1.jar
7fd8d5924000-7fd8d5929000 r--s 00058000 08:05 348980                     /home/whitehat/.gradle/caches/jars-2/st159835qgxm0l87oqrnhayxos4lc1n/asm-debug-all-5.0.1.jar
7fd8d5929000-7fd8d5939000 r--s 000d5000 08:05 348979                     /home/whitehat/.gradle/caches/jars-2/qzf32gp9kej4w4hlbabft6tplu74cj3/proguard-base-5.3.2.jar
7fd8d5939000-7fd8d593c000 r--s 00033000 08:05 348978                     /home/whitehat/.gradle/caches/jars-2/nz9sndmr8b4xbj4xulkaciy5kdbyfiz/juniversalchardet-1.0.3.jar
7fd8d593c000-7fd8d5940000 r--s 0002a000 08:05 348977                     /home/whitehat/.gradle/caches/jars-2/krbpn9xjn1qymukyx8cc5l799ty1v3h/commons-io-2.4.jar
7fd8d5940000-7fd8d5957000 r--s 00154000 08:05 348976                     /home/whitehat/.gradle/caches/jars-2/sfeivjswzitn6n0fnjx3ueszz8gv8o1/antlr4-4.5.3.jar
7fd8d5957000-7fd8d5959000 r--s 00002000 08:05 553725                     /home/whitehat/.gradle/caches/jars-2/4gfpducxipz52n1p4zw9jpc8khazdnx/baseLibrary-2.3.1.jar
7fd8d5959000-7fd8d5984000 r--s 001fc000 08:05 348974                     /home/whitehat/.gradle/caches/jars-2/nxjrjftly2xksl8o0wqgivu5netfu2x/guava-18.0.jar
7fd8d5984000-7fd8d5997000 r--s 00241000 08:05 348973                     /home/whitehat/.gradle/caches/jars-2/9yuekvg4qerfitq3xec0iyckuw3hwaq/ecj-4.6.1.jar
7fd8d5997000-7fd8d599e000 r--s 000d9000 08:05 553724                     /home/whitehat/.gradle/caches/jars-2/oukj0edc56srbnco0khrhh4jk7trt96/lint-checks-25.3.1.jar
7fd8d599e000-7fd8d59a0000 r--s 00006000 08:05 348971                     /home/whitehat/.gradle/caches/jars-2/6phgj9ki3jl3p5epzkqoo8pr6kur40b/asm-tree-5.0.4.jar
7fd8d59a0000-7fd8d59d3000 r--s 00203000 08:05 348970                     /home/whitehat/.gradle/caches/jars-2/hj0bfvxu9cq7hkwmecvp0kg137or3hh/bcprov-jdk15on-1.48.jar
7fd8d59d3000-7fd8d59e1000 r--s 00081000 08:05 348969                     /home/whitehat/.gradle/caches/jars-2/4r7xli0tz94y0wfjrdyjxlxar3g1pb9/bcpkix-jdk15on-1.48.jar
7fd8d59e1000-7fd8d59e3000 r--s 00002000 08:05 348968                     /home/whitehat/.gradle/caches/jars-2/f32bh5uivuf69ecz2j8hl96ksnqdh7v/javawriter-2.5.0.jar
7fd8d59e3000-7fd8d59e5000 r--s 00004000 08:05 553723                     /home/whitehat/.gradle/caches/jars-2/1mcw0zrwhdfqbog9odx81af9yu9ranr/tracker-25.3.1.jar
7fd8d59e5000-7fd8d59e6000 r--s 00005000 08:05 553722                     /home/whitehat/.gradle/caches/jars-2/2iho1524xlua4iq3vua1l4ije5msm33/shared-25.3.1.jar
7fd8d59e6000-7fd8d59f4000 r--s 00147000 08:05 553721                     /home/whitehat/.gradle/caches/jars-2/jwjwpxcix6das5xq3y2el6vytkca3ec/protos-25.3.1.jar
7fd8d59f4000-7fd8d59f5000 r--s 00001000 08:05 553720                     /home/whitehat/.gradle/caches/jars-2/bqo69msswbvaagsh45hf1tq02v21sml/jill-api-0.10.0.jar
7fd8d59f5000-7fd8d59fb000 r--s 0004a000 08:05 553718                     /home/whitehat/.gradle/caches/jars-2/cnza0v8do0o62kek4rozvxidhx9gllf/ddmlib-25.3.1.jar
7fd8d59fb000-7fd8d59fe000 r--s 00022000 08:05 553717                     /home/whitehat/.gradle/caches/jars-2/91t0kzdyfxxgdzpyask2ixvahlhk06o/manifest-merger-25.3.1.jar
7fd8d59fe000-7fd8d5a07000 r--s 00089000 08:05 553715                     /home/whitehat/.gradle/caches/jars-2/ffqta29sy8rr9qszguhjpo6o0clog8h/sdk-common-25.3.1.jar
7fd8d5a07000-7fd8d5c07000 rw-p 00000000 00:00 0 
7fd8d5c07000-7fd8d5e07000 rw-p 00000000 00:00 0 
7fd8d5e07000-7fd8d5e0a000 ---p 00000000 00:00 0 
7fd8d5e0a000-7fd8d6108000 rw-p 00000000 00:00 0 
7fd8d6108000-7fd8d6308000 rw-p 00000000 00:00 0 
7fd8d6308000-7fd8d6508000 rw-p 00000000 00:00 0 
7fd8d6508000-7fd8d650a000 r--s 00003000 08:05 553719                     /home/whitehat/.gradle/caches/jars-2/7pldadygbci34ql8thws797g29k1uhh/jack-api-0.13.0.jar
7fd8d650a000-7fd8d650d000 r--s 0001c000 08:05 553716                     /home/whitehat/.gradle/caches/jars-2/8lu0c3aenc5saf4edi5f5s3bl3vnb2i/common-25.3.1.jar
7fd8d650d000-7fd8d6517000 r--s 00098000 08:05 553714                     /home/whitehat/.gradle/caches/jars-2/fw5xki3t6ll86qukhd8torml14d0yx6/sdklib-25.3.1.jar
7fd8d6517000-7fd8d6518000 r--s 00002000 08:05 553713                     /home/whitehat/.gradle/caches/jars-2/1f8ga7ty5vyd6df3vpshe9o0bl60jez/builder-test-api-2.3.1.jar
7fd8d6518000-7fd8d651b000 r--s 00006000 08:05 553712                     /home/whitehat/.gradle/caches/jars-2/1vc4hijyeiwrksdd0g1q3x1klhwiki7/builder-model-2.3.1.jar
7fd8d651b000-7fd8d652a000 r--s 00130000 08:05 348955                     /home/whitehat/.gradle/caches/jars-2/cr6zkqpx14lor9zdtmo49qpc7y8r8p4/protobuf-java-3.0.0.jar
7fd8d652a000-7fd8d652c000 r--s 0000f000 08:05 348954                     /home/whitehat/.gradle/caches/jars-2/rvfyugrlu5tbpz51p98og0qsxamjq4k/jopt-simple-4.9.jar
7fd8d652c000-7fd8d6530000 r--s 0001f000 08:05 348953                     /home/whitehat/.gradle/caches/jars-2/nq3fzqkrrm37ob61z4iu5qdbh368uat/org.jacoco.report-0.7.5.201505241946.jar
7fd8d6530000-7fd8d6534000 r--s 0001d000 08:05 348952                     /home/whitehat/.gradle/caches/jars-2/3kxkmcckmk40ron92zhbm0qjo9l4bkl/org.jacoco.core-0.7.5.201505241946.jar
7fd8d6534000-7fd8d6536000 r--s 00002000 08:05 348951                     /home/whitehat/.gradle/caches/jars-2/m4m0pzb4gmaeh0in5g2xc4bxeuwt828/proguard-gradle-5.3.2.jar
7fd8d6536000-7fd8d6538000 r--s 00009000 08:05 348950                     /home/whitehat/.gradle/caches/jars-2/ajvcvdu66lc9e3tvvipxtuq48i9bbkc/asm-commons-5.0.4.jar
7fd8d6538000-7fd8d653a000 r--s 0000c000 08:05 348949                     /home/whitehat/.gradle/caches/jars-2/1laz1ygmxoc408r7nwqs1q8uk8r236d/asm-5.0.4.jar
7fd8d653a000-7fd8d653f000 r--s 0002c000 08:05 553711                     /home/whitehat/.gradle/caches/jars-2/3g3xla7i5b1ed4tz29k2mgk3kpll78v/compilerCommon-2.3.1.jar
7fd8d653f000-7fd8d6540000 r--s 00002000 08:05 553710                     /home/whitehat/.gradle/caches/jars-2/iatv11rm7n8kgc0trb7hqnzj950e9w6/gradle-api-2.3.1.jar
7fd8d6540000-7fd8d6541000 r--s 00000000 08:05 553709                     /home/whitehat/.gradle/caches/jars-2/tlyajppf8woug00g686fx5mchf8iv3o/transform-api-2.0.0-deprecated-use-gradle-api.jar
7fd8d6541000-7fd8d6546000 r--s 0005e000 08:05 553708                     /home/whitehat/.gradle/caches/jars-2/2qud2rd1vm8n8konhdspzdxq2sianbz/lint-25.3.1.jar
7fd8d6546000-7fd8d655c000 r--s 00163000 08:05 553707                     /home/whitehat/.gradle/caches/jars-2/g6rpa218f3ehfgtm2rp33fyjlho7d9d/builder-2.3.1.jar
7fd8d655c000-7fd8d657b000 r--s 001ca000 08:05 553706                     /home/whitehat/.gradle/caches/jars-2/gulub68qrtflq1vhvxdmke7ucq3kbl8/gradle-core-2.3.1.jar
7fd8d657b000-7fd8d657d000 r--s 0000d000 08:05 553705                     /home/whitehat/.gradle/caches/jars-2/or1mnptj2fs865ihc1d4fmrgfcmcuy/gradle-2.3.1.jar
7fd8d657d000-7fd8d6580000 ---p 00000000 00:00 0 
7fd8d6580000-7fd8d65b6000 rw-p 00000000 00:00 0 
7fd8d65b6000-7fd8d65b7000 r--p 00000000 00:00 0 
7fd8d65b7000-7fd8d67b7000 rw-p 00000000 00:00 0 
7fd8d67b7000-7fd8d6830000 r--s 010ed000 08:05 2233790                    /home/whitehat/android-studio/jre/lib/tools.jar
7fd8d6830000-7fd8d6a30000 rw-p 00000000 00:00 0 
7fd8d6a30000-7fd8d6a33000 ---p 00000000 00:00 0 
7fd8d6a33000-7fd8d6b31000 rw-p 00000000 00:00 0 
7fd8d6b31000-7fd8d6b34000 ---p 00000000 00:00 0 
7fd8d6b34000-7fd8d6c32000 rw-p 00000000 00:00 0 
7fd8d6c32000-7fd8d6c35000 ---p 00000000 00:00 0 
7fd8d6c35000-7fd8d6d33000 rw-p 00000000 00:00 0 
7fd8d6d33000-7fd8d6d36000 ---p 00000000 00:00 0 
7fd8d6d36000-7fd8d6e34000 rw-p 00000000 00:00 0 
7fd8d6e34000-7fd8d6e37000 ---p 00000000 00:00 0 
7fd8d6e37000-7fd8d7135000 rw-p 00000000 00:00 0 
7fd8d7135000-7fd8d7138000 ---p 00000000 00:00 0 
7fd8d7138000-7fd8d7236000 rw-p 00000000 00:00 0 
7fd8d7236000-7fd8d7239000 ---p 00000000 00:00 0 
7fd8d7239000-7fd8d7337000 rw-p 00000000 00:00 0 
7fd8d7337000-7fd8d733e000 r--s 00000000 08:05 963109                     /usr/lib/x86_64-linux-gnu/gconv/gconv-modules.cache
7fd8d733e000-7fd8d753e000 rw-p 00000000 00:00 0 
7fd8d753e000-7fd8d7541000 ---p 00000000 00:00 0 
7fd8d7541000-7fd8d763f000 rw-p 00000000 00:00 0 
7fd8d763f000-7fd8d7648000 r-xp 00000000 08:05 2635037                    /home/whitehat/android-studio/jre/jre/lib/amd64/libmanagement.so
7fd8d7648000-7fd8d7847000 ---p 00009000 08:05 2635037                    /home/whitehat/android-studio/jre/jre/lib/amd64/libmanagement.so
7fd8d7847000-7fd8d7848000 r--p 00008000 08:05 2635037                    /home/whitehat/android-studio/jre/jre/lib/amd64/libmanagement.so
7fd8d7848000-7fd8d7849000 rw-p 00009000 08:05 2635037                    /home/whitehat/android-studio/jre/jre/lib/amd64/libmanagement.so
7fd8d7849000-7fd8d784e000 r--s 00098000 08:05 2497618                    /home/whitehat/android-studio/jre/jre/lib/jsse.jar
7fd8d784e000-7fd8d7850000 r--s 00007000 08:05 337747                     /home/whitehat/.gradle/wrapper/dists/gradle-3.3-all/55gk2rcmfc6p2dg9u9ohc3hw9/gradle-3.3/lib/plugins/gradle-tooling-api-builders-3.3.jar
7fd8d7850000-7fd8d7853000 r--s 00009000 08:05 335871                     /home/whitehat/.gradle/wrapper/dists/gradle-3.3-all/55gk2rcmfc6p2dg9u9ohc3hw9/gradle-3.3/lib/plugins/gradle-testing-native-3.3.jar
7fd8d7853000-7fd8d7859000 r--s 00033000 08:05 337815                     /home/whitehat/.gradle/wrapper/dists/gradle-3.3-all/55gk2rcmfc6p2dg9u9ohc3hw9/gradle-3.3/lib/plugins/snakeyaml-1.6.jar
7fd8d7859000-7fd8d785b000 r--s 00006000 08:05 337814                     /home/whitehat/.gradle/wrapper/dists/gradle-3.3-all/55gk2rcmfc6p2dg9u9ohc3hw9/gradle-3.3/lib/plugins/jcommander-1.12.jar
7fd8d785b000-7fd8d7860000 r--s 00040000 08:05 337813                     /home/whitehat/.gradle/wrapper/dists/gradle-3.3-all/55gk2rcmfc6p2dg9u9ohc3hw9/gradle-3.3/lib/plugins/bsh-2.0b4.jar
7fd8d7860000-7fd8d7862000 r--s 00009000 08:05 337821                     /home/whitehat/.gradle/wrapper/dists/gradle-3.3-all/55gk2rcmfc6p2dg9u9ohc3hw9/gradle-3.3/lib/plugins/hamcrest-core-1.3.jar
7fd8d7862000-7fd8d786b000 r--s 00089000 08:05 337772                     /home/whitehat/.gradle/wrapper/dists/gradle-3.3-all/55gk2rcmfc6p2dg9u9ohc3hw9/gradle-3.3/lib/plugins/testng-6.3.1.jar
7fd8d786b000-7fd8d7873000 r--s 00045000 08:05 337771                     /home/whitehat/.gradle/wrapper/dists/gradle-3.3-all/55gk2rcmfc6p2dg9u9ohc3hw9/gradle-3.3/lib/plugins/junit-4.12.jar
7fd8d7873000-7fd8d7879000 r--s 0002e000 08:05 335872                     /home/whitehat/.gradle/wrapper/dists/gradle-3.3-all/55gk2rcmfc6p2dg9u9ohc3hw9/gradle-3.3/lib/plugins/gradle-testing-jvm-3.3.jar
7fd8d7879000-7fd8d787d000 r--s 00016000 08:05 335870                     /home/whitehat/.gradle/wrapper/dists/gradle-3.3-all/55gk2rcmfc6p2dg9u9ohc3hw9/gradle-3.3/lib/plugins/gradle-testing-base-3.3.jar
7fd8d787d000-7fd8d7884000 r--s 00038000 08:05 337766                     /home/whitehat/.gradle/wrapper/dists/gradle-3.3-all/55gk2rcmfc6p2dg9u9ohc3hw9/gradle-3.3/lib/plugins/bcpg-jdk15on-1.51.jar
7fd8d7884000-7fd8d7886000 r--s 0000c000 08:05 335849                     /home/whitehat/.gradle/wrapper/dists/gradle-3.3-all/55gk2rcmfc6p2dg9u9ohc3hw9/gradle-3.3/lib/plugins/gradle-signing-3.3.jar
7fd8d7886000-7fd8d7888000 r--s 00007000 08:05 335848                     /home/whitehat/.gradle/wrapper/dists/gradle-3.3-all/55gk2rcmfc6p2dg9u9ohc3hw9/gradle-3.3/lib/plugins/gradle-scala-3.3.jar
7fd8d7888000-7fd8d7889000 r--s 00004000 08:05 337745                     /home/whitehat/.gradle/wrapper/dists/gradle-3.3-all/55gk2rcmfc6p2dg9u9ohc3hw9/gradle-3.3/lib/plugins/gradle-resources-sftp-3.3.jar
7fd8d7889000-7fd8d7899000 r--s 00088000 08:05 337782                     /home/whitehat/.gradle/wrapper/dists/gradle-3.3-all/55gk2rcmfc6p2dg9u9ohc3hw9/gradle-3.3/lib/plugins/joda-time-2.8.2.jar
7fd8d7899000-7fd8d78aa000 r--s 0010d000 08:05 337781                     /home/whitehat/.gradle/wrapper/dists/gradle-3.3-all/55gk2rcmfc6p2dg9u9ohc3hw9/gradle-3.3/lib/plugins/jackson-databind-2.6.6.jar
7fd8d78aa000-7fd8d78ad000 r--s 00009000 08:05 337780                     /home/whitehat/.gradle/wrapper/dists/gradle-3.3-all/55gk2rcmfc6p2dg9u9ohc3hw9/gradle-3.3/lib/plugins/jackson-annotations-2.6.6.jar
7fd8d78ad000-7fd8d78b1000 r--s 0003c000 08:05 337779                     /home/whitehat/.gradle/wrapper/dists/gradle-3.3-all/55gk2rcmfc6p2dg9u9ohc3hw9/gradle-3.3/lib/plugins/jackson-core-2.6.6.jar
7fd8d78b1000-7fd8d78bf000 r--s 00087000 08:05 337778                     /home/whitehat/.gradle/wrapper/dists/gradle-3.3-all/55gk2rcmfc6p2dg9u9ohc3hw9/gradle-3.3/lib/plugins/aws-java-sdk-core-1.11.6.jar
7fd8d78bf000-7fd8d78c6000 r--s 00057000 08:05 337777                     /home/whitehat/.gradle/wrapper/dists/gradle-3.3-all/55gk2rcmfc6p2dg9u9ohc3hw9/gradle-3.3/lib/plugins/aws-java-sdk-kms-1.11.6.jar
7fd8d78c6000-7fd8d78d3000 r--s 0008e000 08:05 337776                     /home/whitehat/.gradle/wrapper/dists/gradle-3.3-all/55gk2rcmfc6p2dg9u9ohc3hw9/gradle-3.3/lib/plugins/aws-java-sdk-s3-1.11.6.jar
7fd8d78d3000-7fd8d78d5000 r--s 00004000 08:05 337746                     /home/whitehat/.gradle/wrapper/dists/gradle-3.3-all/55gk2rcmfc6p2dg9u9ohc3hw9/gradle-3.3/lib/plugins/gradle-resources-s3-3.3.jar
7fd8d78d5000-7fd8d78d7000 r--s 00005000 08:05 337770                     /home/whitehat/.gradle/wrapper/dists/gradle-3.3-all/55gk2rcmfc6p2dg9u9ohc3hw9/gradle-3.3/lib/plugins/jatl-0.2.2.jar
7fd8d78d7000-7fd8d78d9000 r--s 0000f000 08:05 335854                     /home/whitehat/.gradle/wrapper/dists/gradle-3.3-all/55gk2rcmfc6p2dg9u9ohc3hw9/gradle-3.3/lib/plugins/gradle-reporting-3.3.jar
7fd8d78d9000-7fd8d78db000 r--s 00002000 08:05 335855                     /home/whitehat/.gradle/wrapper/dists/gradle-3.3-all/55gk2rcmfc6p2dg9u9ohc3hw9/gradle-3.3/lib/plugins/gradle-publish-3.3.jar
7fd8d78db000-7fd8d78dd000 r--s 00009000 08:05 337753                     /home/whitehat/.gradle/wrapper/dists/gradle-3.3-all/55gk2rcmfc6p2dg9u9ohc3hw9/gradle-3.3/lib/plugins/commons-cli-1.2.jar
7fd8d78dd000-7fd8d78e3000 r--s 00031000 08:05 335840                     /home/whitehat/.gradle/wrapper/dists/gradle-3.3-all/55gk2rcmfc6p2dg9u9ohc3hw9/gradle-3.3/lib/plugins/gradle-plugins-3.3.jar
7fd8d78e3000-7fd8d78e5000 r--s 00009000 08:05 337742                     /home/whitehat/.gradle/wrapper/dists/gradle-3.3-all/55gk2rcmfc6p2dg9u9ohc3hw9/gradle-3.3/lib/plugins/gradle-plugin-development-3.3.jar
7fd8d78e5000-7fd8d78eb000 r--s 0002b000 08:05 335866                     /home/whitehat/.gradle/wrapper/dists/gradle-3.3-all/55gk2rcmfc6p2dg9u9ohc3hw9/gradle-3.3/lib/plugins/gradle-platform-play-3.3.jar
7fd8d78eb000-7fd8d78f9000 r--s 00055000 08:05 335865                     /home/whitehat/.gradle/wrapper/dists/gradle-3.3-all/55gk2rcmfc6p2dg9u9ohc3hw9/gradle-3.3/lib/plugins/gradle-platform-native-3.3.jar
7fd8d78f9000-7fd8d78fe000 r--s 0001f000 08:05 335860                     /home/whitehat/.gradle/wrapper/dists/gradle-3.3-all/55gk2rcmfc6p2dg9u9ohc3hw9/gradle-3.3/lib/plugins/gradle-platform-jvm-3.3.jar
7fd8d78fe000-7fd8d7906000 r--s 00027000 08:05 335859                     /home/whitehat/.gradle/wrapper/dists/gradle-3.3-all/55gk2rcmfc6p2dg9u9ohc3hw9/gradle-3.3/lib/plugins/gradle-platform-base-3.3.jar
7fd8d7906000-7fd8d792e000 r--s 0021c000 08:05 337761                     /home/whitehat/.gradle/wrapper/dists/gradle-3.3-all/55gk2rcmfc6p2dg9u9ohc3hw9/gradle-3.3/lib/plugins/biz.aQute.bndlib-3.2.0.jar
7fd8d792e000-7fd8d7930000 r--s 00003000 08:05 335844                     /home/whitehat/.gradle/wrapper/dists/gradle-3.3-all/55gk2rcmfc6p2dg9u9ohc3hw9/gradle-3.3/lib/plugins/gradle-osgi-3.3.jar
7fd8d7930000-7fd8d7933000 r--s 0000c000 08:05 337764                     /home/whitehat/.gradle/wrapper/dists/gradle-3.3-all/55gk2rcmfc6p2dg9u9ohc3hw9/gradle-3.3/lib/plugins/pmaven-groovy-0.8-20100325.jar
7fd8d7933000-7fd8d7934000 r--s 00004000 08:05 337763                     /home/whitehat/.gradle/wrapper/dists/gradle-3.3-all/55gk2rcmfc6p2dg9u9ohc3hw9/gradle-3.3/lib/plugins/pmaven-common-0.8-20100325.jar
7fd8d7934000-7fd8d793a000 r--s 00023000 08:05 335845                     /home/whitehat/.gradle/wrapper/dists/gradle-3.3-all/55gk2rcmfc6p2dg9u9ohc3hw9/gradle-3.3/lib/plugins/gradle-maven-3.3.jar
7fd8d793a000-7fd8d793d000 r--s 0000b000 08:05 335864                     /home/whitehat/.gradle/wrapper/dists/gradle-3.3-all/55gk2rcmfc6p2dg9u9ohc3hw9/gradle-3.3/lib/plugins/gradle-language-scala-3.3.jar
7fd8d793d000-7fd8d7943000 r--s 0001a000 08:05 335868                     /home/whitehat/.gradle/wrapper/dists/gradle-3.3-all/55gk2rcmfc6p2dg9u9ohc3hw9/gradle-3.3/lib/plugins/gradle-language-native-3.3.jar
7fd8d7943000-7fd8d7946000 r--s 00005000 08:05 335861                     /home/whitehat/.gradle/wrapper/dists/gradle-3.3-all/55gk2rcmfc6p2dg9u9ohc3hw9/gradle-3.3/lib/plugins/gradle-language-jvm-3.3.jar
7fd8d7946000-7fd8d794c000 r--s 00027000 08:05 335862                     /home/whitehat/.gradle/wrapper/dists/gradle-3.3-all/55gk2rcmfc6p2dg9u9ohc3hw9/gradle-3.3/lib/plugins/gradle-language-java-3.3.jar
7fd8d794c000-7fd8d794e000 r--s 0000a000 08:05 335863                     /home/whitehat/.gradle/wrapper/dists/gradle-3.3-all/55gk2rcmfc6p2dg9u9ohc3hw9/gradle-3.3/lib/plugins/gradle-language-groovy-3.3.jar
7fd8d794e000-7fd8d7951000 r--s 0001e000 08:05 337788                     /home/whitehat/.gradle/wrapper/dists/gradle-3.3-all/55gk2rcmfc6p2dg9u9ohc3hw9/gradle-3.3/lib/plugins/jsp-api-2.1-6.1.14.jar
7fd8d7951000-7fd8d7974000 r--s 00344000 08:05 337787                     /home/whitehat/.gradle/wrapper/dists/gradle-3.3-all/55gk2rcmfc6p2dg9u9ohc3hw9/gradle-3.3/lib/plugins/core-3.1.1.jar
7fd8d7974000-7fd8d7975000 r--s 00006000 08:05 337786                     /home/whitehat/.gradle/wrapper/dists/gradle-3.3-all/55gk2rcmfc6p2dg9u9ohc3hw9/gradle-3.3/lib/plugins/jetty-naming-6.1.26.jar
7fd8d7975000-7fd8d7976000 r--s 00002000 08:05 337760                     /home/whitehat/.gradle/wrapper/dists/gradle-3.3-all/55gk2rcmfc6p2dg9u9ohc3hw9/gradle-3.3/lib/plugins/geronimo-annotation_1.0_spec-1.0.jar
7fd8d7976000-7fd8d7978000 r--s 00002000 08:05 337759                     /home/whitehat/.gradle/wrapper/dists/gradle-3.3-all/55gk2rcmfc6p2dg9u9ohc3hw9/gradle-3.3/lib/plugins/jetty-annotations-6.1.26.jar
7fd8d7978000-7fd8d7989000 r--s 000ea000 08:05 337758                     /home/whitehat/.gradle/wrapper/dists/gradle-3.3-all/55gk2rcmfc6p2dg9u9ohc3hw9/gradle-3.3/lib/plugins/jsp-2.1-6.1.14.jar
7fd8d7989000-7fd8d798b000 r--s 0000d000 08:05 337757                     /home/whitehat/.gradle/wrapper/dists/gradle-3.3-all/55gk2rcmfc6p2dg9u9ohc3hw9/gradle-3.3/lib/plugins/jetty-plus-6.1.26.jar
7fd8d798b000-7fd8d798d000 r--s 0001f000 08:05 337756                     /home/whitehat/.gradle/wrapper/dists/gradle-3.3-all/55gk2rcmfc6p2dg9u9ohc3hw9/gradle-3.3/lib/plugins/servlet-api-2.5-20081211.jar
7fd8d798d000-7fd8d7991000 r--s 00028000 08:05 337755                     /home/whitehat/.gradle/wrapper/dists/gradle-3.3-all/55gk2rcmfc6p2dg9u9ohc3hw9/gradle-3.3/lib/plugins/jetty-util-6.1.26.jar
7fd8d7991000-7fd8d7998000 r--s 0007d000 08:05 337754                     /home/whitehat/.gradle/wrapper/dists/gradle-3.3-all/55gk2rcmfc6p2dg9u9ohc3hw9/gradle-3.3/lib/plugins/jetty-6.1.26.jar
7fd8d7998000-7fd8d799a000 r--s 0000a000 08:05 335842                     /home/whitehat/.gradle/wrapper/dists/gradle-3.3-all/55gk2rcmfc6p2dg9u9ohc3hw9/gradle-3.3/lib/plugins/gradle-jetty-3.3.jar
7fd8d799a000-7fd8d79a1000 r--s 00035000 08:05 337769                     /home/whitehat/.gradle/wrapper/dists/gradle-3.3-all/55gk2rcmfc6p2dg9u9ohc3hw9/gradle-3.3/lib/plugins/simple-4.1.21.jar
7fd8d79a1000-7fd8d79ad000 r--s 00100000 08:05 337767                     /home/whitehat/.gradle/wrapper/dists/gradle-3.3-all/55gk2rcmfc6p2dg9u9ohc3hw9/gradle-3.3/lib/plugins/rhino-1.7R3.jar
7fd8d79ad000-7fd8d79b1000 r--s 00012000 08:05 335851                     /home/whitehat/.gradle/wrapper/dists/gradle-3.3-all/55gk2rcmfc6p2dg9u9ohc3hw9/gradle-3.3/lib/plugins/gradle-javascript-3.3.jar
7fd8d79b1000-7fd8d79b3000 r--s 0000d000 08:05 335857                     /home/whitehat/.gradle/wrapper/dists/gradle-3.3-all/55gk2rcmfc6p2dg9u9ohc3hw9/gradle-3.3/lib/plugins/gradle-jacoco-3.3.jar
7fd8d79b3000-7fd8d79b6000 r--s 0000e000 08:05 335856                     /home/whitehat/.gradle/wrapper/dists/gradle-3.3-all/55gk2rcmfc6p2dg9u9ohc3hw9/gradle-3.3/lib/plugins/gradle-ivy-3.3.jar
7fd8d79b6000-7fd8d79b7000 r--s 00002000 08:05 335867                     /home/whitehat/.gradle/wrapper/dists/gradle-3.3-all/55gk2rcmfc6p2dg9u9ohc3hw9/gradle-3.3/lib/plugins/gradle-ide-play-3.3.jar
7fd8d79b7000-7fd8d79ba000 r--s 00013000 08:05 335869                     /home/whitehat/.gradle/wrapper/dists/gradle-3.3-all/55gk2rcmfc6p2dg9u9ohc3hw9/gradle-3.3/lib/plugins/gradle-ide-native-3.3.jar
7fd8d79ba000-7fd8d79c3000 r--s 00055000 08:05 335846                     /home/whitehat/.gradle/wrapper/dists/gradle-3.3-all/55gk2rcmfc6p2dg9u9ohc3hw9/gradle-3.3/lib/plugins/gradle-ide-3.3.jar
7fd8d79c3000-7fd8d79c5000 r--s 00007000 08:05 335850                     /home/whitehat/.gradle/wrapper/dists/gradle-3.3-all/55gk2rcmfc6p2dg9u9ohc3hw9/gradle-3.3/lib/plugins/gradle-ear-3.3.jar
7fd8d79c5000-7fd8d79cb000 r--s 00039000 08:05 335853                     /home/whitehat/.gradle/wrapper/dists/gradle-3.3-all/55gk2rcmfc6p2dg9u9ohc3hw9/gradle-3.3/lib/plugins/gradle-diagnostics-3.3.jar
7fd8d79cb000-7fd8d79cc000 r--s 00009000 08:05 337748                     /home/whitehat/.gradle/wrapper/dists/gradle-3.3-all/55gk2rcmfc6p2dg9u9ohc3hw9/gradle-3.3/lib/plugins/gradle-composite-builds-3.3.jar
7fd8d79cc000-7fd8d79d0000 r--s 00023000 08:05 335841                     /home/whitehat/.gradle/wrapper/dists/gradle-3.3-all/55gk2rcmfc6p2dg9u9ohc3hw9/gradle-3.3/lib/plugins/gradle-code-quality-3.3.jar
7fd8d79d0000-7fd8d79d4000 r--s 00022000 08:05 335858                     /home/whitehat/.gradle/wrapper/dists/gradle-3.3-all/55gk2rcmfc6p2dg9u9ohc3hw9/gradle-3.3/lib/plugins/gradle-build-init-3.3.jar
7fd8d79d4000-7fd8d79da000 r--s 0008e000 08:05 335852                     /home/whitehat/.gradle/wrapper/dists/gradle-3.3-all/55gk2rcmfc6p2dg9u9ohc3hw9/gradle-3.3/lib/plugins/gradle-build-comparison-3.3.jar
7fd8d79da000-7fd8d79db000 r--s 00001000 08:05 337749                     /home/whitehat/.gradle/wrapper/dists/gradle-3.3-all/55gk2rcmfc6p2dg9u9ohc3hw9/gradle-3.3/lib/plugins/gradle-build-cache-http-3.3.jar
7fd8d79db000-7fd8d79dd000 r--s 00008000 08:05 335843                     /home/whitehat/.gradle/wrapper/dists/gradle-3.3-all/55gk2rcmfc6p2dg9u9ohc3hw9/gradle-3.3/lib/plugins/gradle-antlr-3.3.jar
7fd8d79dd000-7fd8d79df000 r--s 00004000 08:05 335847                     /home/whitehat/.gradle/wrapper/dists/gradle-3.3-all/55gk2rcmfc6p2dg9u9ohc3hw9/gradle-3.3/lib/plugins/gradle-announce-3.3.jar
7fd8d79df000-7fd8d79f7000 r--s 00115000 08:05 337818                     /home/whitehat/.gradle/wrapper/dists/gradle-3.3-all/55gk2rcmfc6p2dg9u9ohc3hw9/gradle-3.3/lib/plugins/xercesImpl-2.9.1.jar
7fd8d79f7000-7fd8d79ff000 r--s 00028000 08:05 337819                     /home/whitehat/.gradle/wrapper/dists/gradle-3.3-all/55gk2rcmfc6p2dg9u9ohc3hw9/gradle-3.3/lib/plugins/xml-apis-1.3.04.jar
7fd8d79ff000-7fd8d7a05000 r--s 0005b000 08:05 337817                     /home/whitehat/.gradle/wrapper/dists/gradle-3.3-all/55gk2rcmfc6p2dg9u9ohc3hw9/gradle-3.3/lib/plugins/jcifs-1.3.17.jar
7fd8d7a05000-7fd8d7a0b000 r--s 00033000 08:05 337765                     /home/whitehat/.gradle/wrapper/dists/gradle-3.3-all/55gk2rcmfc6p2dg9u9ohc3hw9/gradle-3.3/lib/plugins/commons-codec-1.6.jar
7fd8d7a0b000-7fd8d7a12000 r--s 00049000 08:05 337816                     /home/whitehat/.gradle/wrapper/dists/gradle-3.3-all/55gk2rcmfc6p2dg9u9ohc3hw9/gradle-3.3/lib/plugins/httpcore-4.4.4.jar
7fd8d7a12000-7fd8d7a15000 r--s 0001c000 08:05 337774                     /home/whitehat/.gradle/wrapper/dists/gradle-3.3-all/55gk2rcmfc6p2dg9u9ohc3hw9/gradle-3.3/lib/plugins/nekohtml-1.9.14.jar
7fd8d7a15000-7fd8d7a22000 r--s 000a4000 08:05 337773                     /home/whitehat/.gradle/wrapper/dists/gradle-3.3-all/55gk2rcmfc6p2dg9u9ohc3hw9/gradle-3.3/lib/plugins/httpclient-4.4.1.jar
7fd8d7a22000-7fd8d7a25000 r--s 0000a000 08:05 337744                     /home/whitehat/.gradle/wrapper/dists/gradle-3.3-all/55gk2rcmfc6p2dg9u9ohc3hw9/gradle-3.3/lib/plugins/gradle-resources-http-3.3.jar
7fd8d7a25000-7fd8d7a29000 r--s 00015000 08:05 337743                     /home/whitehat/.gradle/wrapper/dists/gradle-3.3-all/55gk2rcmfc6p2dg9u9ohc3hw9/gradle-3.3/lib/plugins/gradle-plugin-use-3.3.jar
7fd8d7a29000-7fd8d7a2a000 r--s 00000000 08:05 335787                     /home/whitehat/.gradle/wrapper/dists/gradle-3.3-all/55gk2rcmfc6p2dg9u9ohc3hw9/gradle-3.3/lib/gradle-installation-beacon-3.3.jar
7fd8d7a2a000-7fd8d7a2c000 r--s 00006000 08:05 337812                     /home/whitehat/.gradle/wrapper/dists/gradle-3.3-all/55gk2rcmfc6p2dg9u9ohc3hw9/gradle-3.3/lib/plugins/aether-connector-wagon-1.13.1.jar
7fd8d7a2c000-7fd8d7a30000 r--s 0001c000 08:05 337811                     /home/whitehat/.gradle/wrapper/dists/gradle-3.3-all/55gk2rcmfc6p2dg9u9ohc3hw9/gradle-3.3/lib/plugins/aether-util-1.13.1.jar
7fd8d7a30000-7fd8d7a31000 r--s 00003000 08:05 337810                     /home/whitehat/.gradle/wrapper/dists/gradle-3.3-all/55gk2rcmfc6p2dg9u9ohc3hw9/gradle-3.3/lib/plugins/aether-spi-1.13.1.jar
7fd8d7a31000-7fd8d7a34000 r--s 0001d000 08:05 337809                     /home/whitehat/.gradle/wrapper/dists/gradle-3.3-all/55gk2rcmfc6p2dg9u9ohc3hw9/gradle-3.3/lib/plugins/aether-impl-1.13.1.jar
7fd8d7a34000-7fd8d7a37000 r--s 00013000 08:05 337808                     /home/whitehat/.gradle/wrapper/dists/gradle-3.3-all/55gk2rcmfc6p2dg9u9ohc3hw9/gradle-3.3/lib/plugins/aether-api-1.13.1.jar
7fd8d7a37000-7fd8d7a38000 r--s 00007000 08:05 337807                     /home/whitehat/.gradle/wrapper/dists/gradle-3.3-all/55gk2rcmfc6p2dg9u9ohc3hw9/gradle-3.3/lib/plugins/wagon-http-shared4-2.4.jar
7fd8d7a38000-7fd8d7a3a000 r--s 0000b000 08:05 337806                     /home/whitehat/.gradle/wrapper/dists/gradle-3.3-all/55gk2rcmfc6p2dg9u9ohc3hw9/gradle-3.3/lib/plugins/wagon-provider-api-2.4.jar
7fd8d7a3a000-7fd8d7a3b000 r--s 00002000 08:05 337805                     /home/whitehat/.gradle/wrapper/dists/gradle-3.3-all/55gk2rcmfc6p2dg9u9ohc3hw9/gradle-3.3/lib/plugins/wagon-http-2.4.jar
7fd8d7a3b000-7fd8d7a3c000 r--s 00002000 08:05 337804                     /home/whitehat/.gradle/wrapper/dists/gradle-3.3-all/55gk2rcmfc6p2dg9u9ohc3hw9/gradle-3.3/lib/plugins/wagon-file-2.4.jar
7fd8d7a3c000-7fd8d7a3e000 r--s 0000c000 08:05 337803                     /home/whitehat/.gradle/wrapper/dists/gradle-3.3-all/55gk2rcmfc6p2dg9u9ohc3hw9/gradle-3.3/lib/plugins/maven-aether-provider-3.0.4.jar
7fd8d7a3e000-7fd8d7a40000 r--s 0000b000 08:05 337802                     /home/whitehat/.gradle/wrapper/dists/gradle-3.3-all/55gk2rcmfc6p2dg9u9ohc3hw9/gradle-3.3/lib/plugins/maven-plugin-api-3.0.4.jar
7fd8d7a40000-7fd8d7a42000 r--s 00006000 08:05 337801                     /home/whitehat/.gradle/wrapper/dists/gradle-3.3-all/55gk2rcmfc6p2dg9u9ohc3hw9/gradle-3.3/lib/plugins/maven-repository-metadata-3.0.4.jar
7fd8d7a42000-7fd8d7a44000 r--s 0000b000 08:05 337800                     /home/whitehat/.gradle/wrapper/dists/gradle-3.3-all/55gk2rcmfc6p2dg9u9ohc3hw9/gradle-3.3/lib/plugins/maven-artifact-3.0.4.jar
7fd8d7a44000-7fd8d7a46000 r--s 00026000 08:05 337799                     /home/whitehat/.gradle/wrapper/dists/gradle-3.3-all/55gk2rcmfc6p2dg9u9ohc3hw9/gradle-3.3/lib/plugins/maven-model-3.0.4.jar
7fd8d7a46000-7fd8d7a4a000 r--s 00021000 08:05 337798                     /home/whitehat/.gradle/wrapper/dists/gradle-3.3-all/55gk2rcmfc6p2dg9u9ohc3hw9/gradle-3.3/lib/plugins/maven-model-builder-3.0.4.jar
7fd8d7a4a000-7fd8d7a50000 r--s 0003f000 08:05 337797                     /home/whitehat/.gradle/wrapper/dists/gradle-3.3-all/55gk2rcmfc6p2dg9u9ohc3hw9/gradle-3.3/lib/plugins/maven-compat-3.0.4.jar
7fd8d7a50000-7fd8d7a52000 r--s 00002000 08:05 337795                     /home/whitehat/.gradle/wrapper/dists/gradle-3.3-all/55gk2rcmfc6p2dg9u9ohc3hw9/gradle-3.3/lib/plugins/plexus-cipher-1.7.jar
7fd8d7a52000-7fd8d7a54000 r--s 0000a000 08:05 337794                     /home/whitehat/.gradle/wrapper/dists/gradle-3.3-all/55gk2rcmfc6p2dg9u9ohc3hw9/gradle-3.3/lib/plugins/plexus-classworlds-2.4.jar
7fd8d7a54000-7fd8d7a5b000 r--s 0002e000 08:05 337793                     /home/whitehat/.gradle/wrapper/dists/gradle-3.3-all/55gk2rcmfc6p2dg9u9ohc3hw9/gradle-3.3/lib/plugins/plexus-container-default-1.5.5.jar
7fd8d7a5b000-7fd8d7a5d000 r--s 00000000 08:05 337820                     /home/whitehat/.gradle/wrapper/dists/gradle-3.3-all/55gk2rcmfc6p2dg9u9ohc3hw9/gradle-3.3/lib/plugins/plexus-component-annotations-1.5.5.jar
7fd8d7a5d000-7fd8d7a61000 r--s 00033000 08:05 337791                     /home/whitehat/.gradle/wrapper/dists/gradle-3.3-all/55gk2rcmfc6p2dg9u9ohc3hw9/gradle-3.3/lib/plugins/plexus-utils-2.0.6.jar
7fd8d7a61000-7fd8d7a77000 r-xp 00000000 08:05 524462                     /lib/x86_64-linux-gnu/libgcc_s.so.1
7fd8d7a77000-7fd8d7c76000 ---p 00016000 08:05 524462                     /lib/x86_64-linux-gnu/libgcc_s.so.1
7fd8d7c76000-7fd8d7c77000 r--p 00015000 08:05 524462                     /lib/x86_64-linux-gnu/libgcc_s.so.1
7fd8d7c77000-7fd8d7c78000 rw-p 00016000 08:05 524462                     /lib/x86_64-linux-gnu/libgcc_s.so.1
7fd8d7c78000-7fd8d7df1000 r-xp 00000000 08:05 393477                     /usr/lib/x86_64-linux-gnu/libstdc++.so.6.0.22
7fd8d7df1000-7fd8d7ff0000 ---p 00179000 08:05 393477                     /usr/lib/x86_64-linux-gnu/libstdc++.so.6.0.22
7fd8d7ff0000-7fd8d7ffa000 r--p 00178000 08:05 393477                     /usr/lib/x86_64-linux-gnu/libstdc++.so.6.0.22
7fd8d7ffa000-7fd8d7ffc000 rw-p 00182000 08:05 393477                     /usr/lib/x86_64-linux-gnu/libstdc++.so.6.0.22
7fd8d7ffc000-7fd8d8000000 rw-p 00000000 00:00 0 
7fd8d8000000-7fd8d9271000 rw-p 00000000 00:00 0 
7fd8d9271000-7fd8dc000000 ---p 00000000 00:00 0 
7fd8dc000000-7fd8dc021000 rw-p 00000000 00:00 0 
7fd8dc021000-7fd8e0000000 ---p 00000000 00:00 0 
7fd8e0000000-7fd8e1de1000 rw-p 00000000 00:00 0 
7fd8e1de1000-7fd8e4000000 ---p 00000000 00:00 0 
7fd8e4000000-7fd8e68e9000 rw-p 00000000 00:00 0 
7fd8e68e9000-7fd8e8000000 ---p 00000000 00:00 0 
7fd8e8000000-7fd8e8021000 rw-p 00000000 00:00 0 
7fd8e8021000-7fd8ec000000 ---p 00000000 00:00 0 
7fd8ec000000-7fd8ec021000 rw-p 00000000 00:00 0 
7fd8ec021000-7fd8f0000000 ---p 00000000 00:00 0 
7fd8f0000000-7fd8f03e0000 rw-p 00000000 00:00 0 
7fd8f03e0000-7fd8f4000000 ---p 00000000 00:00 0 
7fd8f4000000-7fd8f4021000 rw-p 00000000 00:00 0 
7fd8f4021000-7fd8f8000000 ---p 00000000 00:00 0 
7fd8f8000000-7fd8f8051000 rw-p 00000000 00:00 0 
7fd8f8051000-7fd8fc000000 ---p 00000000 00:00 0 
7fd8fc000000-7fd8fc03b000 rw-p 00000000 00:00 0 
7fd8fc03b000-7fd900000000 ---p 00000000 00:00 0 
7fd900000000-7fd90004c000 rw-p 00000000 00:00 0 
7fd90004c000-7fd904000000 ---p 00000000 00:00 0 
7fd904000000-7fd904001000 r--s 00006000 08:05 337796                     /home/whitehat/.gradle/wrapper/dists/gradle-3.3-all/55gk2rcmfc6p2dg9u9ohc3hw9/gradle-3.3/lib/plugins/plexus-sec-dispatcher-1.3.jar
7fd904001000-7fd904003000 r--s 0000d000 08:05 337792                     /home/whitehat/.gradle/wrapper/dists/gradle-3.3-all/55gk2rcmfc6p2dg9u9ohc3hw9/gradle-3.3/lib/plugins/plexus-interpolation-1.14.jar
7fd904003000-7fd904006000 r--s 00008000 08:05 337790                     /home/whitehat/.gradle/wrapper/dists/gradle-3.3-all/55gk2rcmfc6p2dg9u9ohc3hw9/gradle-3.3/lib/plugins/maven-settings-builder-3.0.4.jar
7fd904006000-7fd904008000 r--s 0000a000 08:05 337789                     /home/whitehat/.gradle/wrapper/dists/gradle-3.3-all/55gk2rcmfc6p2dg9u9ohc3hw9/gradle-3.3/lib/plugins/maven-settings-3.0.4.jar
7fd904008000-7fd90400d000 r--s 00040000 08:05 337775                     /home/whitehat/.gradle/wrapper/dists/gradle-3.3-all/55gk2rcmfc6p2dg9u9ohc3hw9/gradle-3.3/lib/plugins/jsch-0.1.53.jar
7fd90400d000-7fd90404d000 r--s 00277000 08:05 337785                     /home/whitehat/.gradle/wrapper/dists/gradle-3.3-all/55gk2rcmfc6p2dg9u9ohc3hw9/gradle-3.3/lib/plugins/bcprov-jdk15on-1.51.jar
7fd90404d000-7fd904051000 r--s 0001d000 08:05 337784                     /home/whitehat/.gradle/wrapper/dists/gradle-3.3-all/55gk2rcmfc6p2dg9u9ohc3hw9/gradle-3.3/lib/plugins/xbean-reflect-3.4.jar
7fd904051000-7fd90405d000 r--s 0007d000 08:05 337762                     /home/whitehat/.gradle/wrapper/dists/gradle-3.3-all/55gk2rcmfc6p2dg9u9ohc3hw9/gradle-3.3/lib/plugins/maven-core-3.0.4.jar
7fd90405d000-7fd904062000 r--s 00034000 08:05 337768                     /home/whitehat/.gradle/wrapper/dists/gradle-3.3-all/55gk2rcmfc6p2dg9u9ohc3hw9/gradle-3.3/lib/plugins/gson-2.7.jar
7fd904062000-7fd904071000 r--s 000d9000 08:05 337783                     /home/whitehat/.gradle/wrapper/dists/gradle-3.3-all/55gk2rcmfc6p2dg9u9ohc3hw9/gradle-3.3/lib/plugins/ivy-2.2.0.jar
7fd904071000-7fd904090000 r--s 000f6000 08:05 337751                     /home/whitehat/.gradle/wrapper/dists/gradle-3.3-all/55gk2rcmfc6p2dg9u9ohc3hw9/gradle-3.3/lib/plugins/gradle-dependency-management-3.3.jar
7fd904090000-7fd904092000 r--s 00005000 08:05 337750                     /home/whitehat/.gradle/wrapper/dists/gradle-3.3-all/55gk2rcmfc6p2dg9u9ohc3hw9/gradle-3.3/lib/plugins/gradle-workers-3.3.jar
7fd904092000-7fd904097000 r-xp 00000000 08:05 348846                     /home/whitehat/.gradle/native/23/linux-amd64/libnative-platform.so
7fd904097000-7fd904296000 ---p 00005000 08:05 348846                     /home/whitehat/.gradle/native/23/linux-amd64/libnative-platform.so
7fd904296000-7fd904297000 rw-p 00004000 08:05 348846                     /home/whitehat/.gradle/native/23/linux-amd64/libnative-platform.so
7fd904297000-7fd9042a8000 r-xp 00000000 08:05 2635034                    /home/whitehat/android-studio/jre/jre/lib/amd64/libnio.so
7fd9042a8000-7fd9044a7000 ---p 00011000 08:05 2635034                    /home/whitehat/android-studio/jre/jre/lib/amd64/libnio.so
7fd9044a7000-7fd9044a8000 r--p 00010000 08:05 2635034                    /home/whitehat/android-studio/jre/jre/lib/amd64/libnio.so
7fd9044a8000-7fd9044a9000 rw-p 00011000 08:05 2635034                    /home/whitehat/android-studio/jre/jre/lib/amd64/libnio.so
7fd9044a9000-7fd9047aa000 rw-p 00000000 00:00 0 
7fd9047aa000-7fd9047c1000 r-xp 00000000 08:05 2635033                    /home/whitehat/android-studio/jre/jre/lib/amd64/libnet.so
7fd9047c1000-7fd9049c0000 ---p 00017000 08:05 2635033                    /home/whitehat/android-studio/jre/jre/lib/amd64/libnet.so
7fd9049c0000-7fd9049c1000 r--p 00016000 08:05 2635033                    /home/whitehat/android-studio/jre/jre/lib/amd64/libnet.so
7fd9049c1000-7fd9049c2000 rw-p 00017000 08:05 2635033                    /home/whitehat/android-studio/jre/jre/lib/amd64/libnet.so
7fd9049c2000-7fd9049c3000 r--s 00006000 08:05 335786                     /home/whitehat/.gradle/wrapper/dists/gradle-3.3-all/55gk2rcmfc6p2dg9u9ohc3hw9/gradle-3.3/lib/gradle-wrapper-3.3.jar
7fd9049c3000-7fd9049d0000 r--s 00041000 08:05 335793                     /home/whitehat/.gradle/wrapper/dists/gradle-3.3-all/55gk2rcmfc6p2dg9u9ohc3hw9/gradle-3.3/lib/gradle-tooling-api-3.3.jar
7fd9049d0000-7fd9049d2000 r--s 00002000 08:05 335813                     /home/whitehat/.gradle/wrapper/dists/gradle-3.3-all/55gk2rcmfc6p2dg9u9ohc3hw9/gradle-3.3/lib/gradle-open-api-3.3.jar
7fd9049d2000-7fd9049d8000 r--s 00032000 08:05 335815                     /home/whitehat/.gradle/wrapper/dists/gradle-3.3-all/55gk2rcmfc6p2dg9u9ohc3hw9/gradle-3.3/lib/jaxen-1.1.jar
7fd9049d8000-7fd9049dd000 r--s 00048000 08:05 335814                     /home/whitehat/.gradle/wrapper/dists/gradle-3.3-all/55gk2rcmfc6p2dg9u9ohc3hw9/gradle-3.3/lib/dom4j-1.6.1.jar
7fd9049dd000-7fd9049e8000 r--s 00059000 08:05 335792                     /home/whitehat/.gradle/wrapper/dists/gradle-3.3-all/55gk2rcmfc6p2dg9u9ohc3hw9/gradle-3.3/lib/gradle-ui-3.3.jar
7fd9049e8000-7fd9049f1000 r--s 0008c000 08:05 335784                     /home/whitehat/.gradle/wrapper/dists/gradle-3.3-all/55gk2rcmfc6p2dg9u9ohc3hw9/gradle-3.3/lib/kotlin-stdlib-1.1-M02.jar
7fd9049f1000-7fd9049f7000 r--s 0002a000 08:05 335783                     /home/whitehat/.gradle/wrapper/dists/gradle-3.3-all/55gk2rcmfc6p2dg9u9ohc3hw9/gradle-3.3/lib/kotlin-runtime-1.1-M02.jar
7fd9049f7000-7fd904a2b000 r--s 00256000 08:05 335782                     /home/whitehat/.gradle/wrapper/dists/gradle-3.3-all/55gk2rcmfc6p2dg9u9ohc3hw9/gradle-3.3/lib/kotlin-reflect-1.1-M02.jar
7fd904a2b000-7fd904bc1000 r--s 0157e000 08:05 335781                     /home/whitehat/.gradle/wrapper/dists/gradle-3.3-all/55gk2rcmfc6p2dg9u9ohc3hw9/gradle-3.3/lib/kotlin-compiler-embeddable-1.1-M02.jar
7fd904bc1000-7fd904bc9000 r--s 0004e000 08:05 335780                     /home/whitehat/.gradle/wrapper/dists/gradle-3.3-all/55gk2rcmfc6p2dg9u9ohc3hw9/gradle-3.3/lib/gradle-script-kotlin-0.5.1.jar
7fd904bc9000-7fd904bcc000 r--s 0000b000 08:05 335811                     /home/whitehat/.gradle/wrapper/dists/gradle-3.3-all/55gk2rcmfc6p2dg9u9ohc3hw9/gradle-3.3/lib/gradle-resources-3.3.jar
7fd904bcc000-7fd904bce000 r--s 00003000 08:05 335820                     /home/whitehat/.gradle/wrapper/dists/gradle-3.3-all/55gk2rcmfc6p2dg9u9ohc3hw9/gradle-3.3/lib/jcl-over-slf4j-1.7.10.jar
7fd904bce000-7fd904bcf000 r--s 00005000 08:05 335819                     /home/whitehat/.gradle/wrapper/dists/gradle-3.3-all/55gk2rcmfc6p2dg9u9ohc3hw9/gradle-3.3/lib/log4j-over-slf4j-1.7.10.jar
7fd904bcf000-7fd904bd1000 r--s 00000000 08:05 335818                     /home/whitehat/.gradle/wrapper/dists/gradle-3.3-all/55gk2rcmfc6p2dg9u9ohc3hw9/gradle-3.3/lib/jul-to-slf4j-1.7.10.jar
7fd904bd1000-7fd904bd6000 r--s 0001e000 08:05 335795                     /home/whitehat/.gradle/wrapper/dists/gradle-3.3-all/55gk2rcmfc6p2dg9u9ohc3hw9/gradle-3.3/lib/gradle-logging-3.3.jar
7fd904bd6000-7fd904bd8000 r--s 00007000 08:05 335839                     /home/whitehat/.gradle/wrapper/dists/gradle-3.3-all/55gk2rcmfc6p2dg9u9ohc3hw9/gradle-3.3/lib/objenesis-1.2.jar
7fd904bd8000-7fd904bda000 r--s 00000000 08:05 335838                     /home/whitehat/.gradle/wrapper/dists/gradle-3.3-all/55gk2rcmfc6p2dg9u9ohc3hw9/gradle-3.3/lib/minlog-1.2.jar
7fd904bda000-7fd904bdc000 r--s 0000f000 08:05 335837                     /home/whitehat/.gradle/wrapper/dists/gradle-3.3-all/55gk2rcmfc6p2dg9u9ohc3hw9/gradle-3.3/lib/reflectasm-1.07-shaded.jar
7fd904bdc000-7fd904be0000 r--s 00026000 08:05 335822                     /home/whitehat/.gradle/wrapper/dists/gradle-3.3-all/55gk2rcmfc6p2dg9u9ohc3hw9/gradle-3.3/lib/kryo-2.20.jar
7fd904be0000-7fd904be6000 r--s 00027000 08:05 335810                     /home/whitehat/.gradle/wrapper/dists/gradle-3.3-all/55gk2rcmfc6p2dg9u9ohc3hw9/gradle-3.3/lib/gradle-messaging-3.3.jar
7fd904be6000-7fd904be7000 r--s 00001000 08:05 335836                     /home/whitehat/.gradle/wrapper/dists/gradle-3.3-all/55gk2rcmfc6p2dg9u9ohc3hw9/gradle-3.3/lib/native-platform-linux-i386-ncurses6-0.12.jar
7fd904be7000-7fd904be8000 r--s 00001000 08:05 335835                     /home/whitehat/.gradle/wrapper/dists/gradle-3.3-all/55gk2rcmfc6p2dg9u9ohc3hw9/gradle-3.3/lib/native-platform-linux-i386-ncurses5-0.12.jar
7fd904be8000-7fd904be9000 r--s 00001000 08:05 335834                     /home/whitehat/.gradle/wrapper/dists/gradle-3.3-all/55gk2rcmfc6p2dg9u9ohc3hw9/gradle-3.3/lib/native-platform-linux-amd64-ncurses6-0.12.jar
7fd904be9000-7fd904bea000 r--s 00001000 08:05 335833                     /home/whitehat/.gradle/wrapper/dists/gradle-3.3-all/55gk2rcmfc6p2dg9u9ohc3hw9/gradle-3.3/lib/native-platform-linux-amd64-ncurses5-0.12.jar
7fd904bea000-7fd904beb000 r--s 0000b000 08:05 335832                     /home/whitehat/.gradle/wrapper/dists/gradle-3.3-all/55gk2rcmfc6p2dg9u9ohc3hw9/gradle-3.3/lib/native-platform-windows-i386-0.12.jar
7fd904beb000-7fd904bed000 r--s 0000b000 08:05 335831                     /home/whitehat/.gradle/wrapper/dists/gradle-3.3-all/55gk2rcmfc6p2dg9u9ohc3hw9/gradle-3.3/lib/native-platform-windows-amd64-0.12.jar
7fd904bed000-7fd904bef000 r--s 00002000 08:05 335830                     /home/whitehat/.gradle/wrapper/dists/gradle-3.3-all/55gk2rcmfc6p2dg9u9ohc3hw9/gradle-3.3/lib/native-platform-osx-i386-0.12.jar
7fd904bef000-7fd904bf0000 r--s 00002000 08:05 335829                     /home/whitehat/.gradle/wrapper/dists/gradle-3.3-all/55gk2rcmfc6p2dg9u9ohc3hw9/gradle-3.3/lib/native-platform-osx-amd64-0.12.jar
7fd904bf0000-7fd904bf1000 r--s 00002000 08:05 335828                     /home/whitehat/.gradle/wrapper/dists/gradle-3.3-all/55gk2rcmfc6p2dg9u9ohc3hw9/gradle-3.3/lib/native-platform-linux-i386-0.12.jar
7fd904bf1000-7fd904bf2000 r--s 00002000 08:05 335827                     /home/whitehat/.gradle/wrapper/dists/gradle-3.3-all/55gk2rcmfc6p2dg9u9ohc3hw9/gradle-3.3/lib/native-platform-linux-amd64-0.12.jar
7fd904bf2000-7fd904bf3000 r--s 00003000 08:05 335826                     /home/whitehat/.gradle/wrapper/dists/gradle-3.3-all/55gk2rcmfc6p2dg9u9ohc3hw9/gradle-3.3/lib/native-platform-freebsd-i386-libstdcpp-0.12.jar
7fd904bf3000-7fd904bf4000 r--s 00004000 08:05 335825                     /home/whitehat/.gradle/wrapper/dists/gradle-3.3-all/55gk2rcmfc6p2dg9u9ohc3hw9/gradle-3.3/lib/native-platform-freebsd-i386-libcpp-0.12.jar
7fd904bf4000-7fd904bf6000 r--s 00003000 08:05 335824                     /home/whitehat/.gradle/wrapper/dists/gradle-3.3-all/55gk2rcmfc6p2dg9u9ohc3hw9/gradle-3.3/lib/native-platform-freebsd-amd64-libstdcpp-0.12.jar
7fd904bf6000-7fd904bfa000 r--s 00011000 08:05 335816                     /home/whitehat/.gradle/wrapper/dists/gradle-3.3-all/55gk2rcmfc6p2dg9u9ohc3hw9/gradle-3.3/lib/native-platform-0.12.jar
7fd904bfa000-7fd904c09000 r--s 0007f000 08:05 335801                     /home/whitehat/.gradle/wrapper/dists/gradle-3.3-all/55gk2rcmfc6p2dg9u9ohc3hw9/gradle-3.3/lib/gradle-model-core-3.3.jar
7fd904c09000-7fd904c79000 r--s 00641000 08:05 335800                     /home/whitehat/.gradle/wrapper/dists/gradle-3.3-all/55gk2rcmfc6p2dg9u9ohc3hw9/gradle-3.3/lib/groovy-all-2.4.7.jar
7fd904c79000-7fd904ca1000 r--s 001cf000 08:05 335797                     /home/whitehat/.gradle/wrapper/dists/gradle-3.3-all/55gk2rcmfc6p2dg9u9ohc3hw9/gradle-3.3/lib/guava-jdk5-17.0.jar
7fd904ca1000-7fd904cc0000 r--s 001d1000 08:05 335804                     /home/whitehat/.gradle/wrapper/dists/gradle-3.3-all/55gk2rcmfc6p2dg9u9ohc3hw9/gradle-3.3/lib/ant-1.9.6.jar
7fd904cc0000-7fd904cfd000 r--s 001f8000 08:05 335790                     /home/whitehat/.gradle/wrapper/dists/gradle-3.3-all/55gk2rcmfc6p2dg9u9ohc3hw9/gradle-3.3/lib/gradle-core-3.3.jar
7fd904cfd000-7fd904cfe000 ---p 00000000 00:00 0 
7fd904cfe000-7fd904dfe000 rw-p 00000000 00:00 0 
7fd904dfe000-7fd904e01000 ---p 00000000 00:00 0 
7fd904e01000-7fd904eff000 rw-p 00000000 00:00 0 
7fd904eff000-7fd904f02000 ---p 00000000 00:00 0 
7fd904f02000-7fd908000000 rw-p 00000000 00:00 0 
7fd908000000-7fd908021000 rw-p 00000000 00:00 0 
7fd908021000-7fd90c000000 ---p 00000000 00:00 0 
7fd90c000000-7fd90c003000 r--s 00023000 08:05 335817                     /home/whitehat/.gradle/wrapper/dists/gradle-3.3-all/55gk2rcmfc6p2dg9u9ohc3hw9/gradle-3.3/lib/jansi-1.14.jar
7fd90c003000-7fd90c006000 r--s 0000a000 08:05 335794                     /home/whitehat/.gradle/wrapper/dists/gradle-3.3-all/55gk2rcmfc6p2dg9u9ohc3hw9/gradle-3.3/lib/gradle-native-3.3.jar
7fd90c006000-7fd90c008000 r--s 00005000 08:05 335791                     /home/whitehat/.gradle/wrapper/dists/gradle-3.3-all/55gk2rcmfc6p2dg9u9ohc3hw9/gradle-3.3/lib/gradle-cli-3.3.jar
7fd90c008000-7fd90c00a000 r--s 00007000 08:05 335802                     /home/whitehat/.gradle/wrapper/dists/gradle-3.3-all/55gk2rcmfc6p2dg9u9ohc3hw9/gradle-3.3/lib/gradle-model-groovy-3.3.jar
7fd90c00a000-7fd90c017000 r--s 00083000 08:05 335805                     /home/whitehat/.gradle/wrapper/dists/gradle-3.3-all/55gk2rcmfc6p2dg9u9ohc3hw9/gradle-3.3/lib/commons-collections-3.2.2.jar
7fd90c017000-7fd90c01a000 ---p 00000000 00:00 0 
7fd90c01a000-7fd90c118000 rw-p 00000000 00:00 0 
7fd90c118000-7fd90c11b000 ---p 00000000 00:00 0 
7fd90c11b000-7fd90c219000 rw-p 00000000 00:00 0 
7fd90c219000-7fd90c21c000 ---p 00000000 00:00 0 
7fd90c21c000-7fd90c31a000 rw-p 00000000 00:00 0 
7fd90c31a000-7fd90c5f6000 r--p 00000000 08:05 395164                     /usr/lib/locale/locale-archive
7fd90c5f6000-7fd90c5f9000 ---p 00000000 00:00 0 
7fd90c5f9000-7fd90c6f7000 rw-p 00000000 00:00 0 
7fd90c6f7000-7fd90c6fa000 ---p 00000000 00:00 0 
7fd90c6fa000-7fd90c7f8000 rw-p 00000000 00:00 0 
7fd90c7f8000-7fd90c7f9000 ---p 00000000 00:00 0 
7fd90c7f9000-7fd90d000000 rw-p 00000000 00:00 0 
7fd90d000000-7fd90f770000 rwxp 00000000 00:00 0 
7fd90f770000-7fd91c000000 ---p 00000000 00:00 0 
7fd91c000000-7fd91cca4000 rw-p 00000000 00:00 0 
7fd91cca4000-7fd920000000 ---p 00000000 00:00 0 
7fd920000000-7fd920002000 r--s 00006000 08:05 335809                     /home/whitehat/.gradle/wrapper/dists/gradle-3.3-all/55gk2rcmfc6p2dg9u9ohc3hw9/gradle-3.3/lib/gradle-base-services-groovy-3.3.jar
7fd920002000-7fd9208dc000 rw-p 00000000 00:00 0 
7fd9208dc000-7fd920aab000 r--s 03c1b000 08:05 2497621                    /home/whitehat/android-studio/jre/jre/lib/rt.jar
7fd920aab000-7fd921621000 rw-p 00000000 00:00 0 
7fd921621000-7fd921622000 ---p 00000000 00:00 0 
7fd921622000-7fd921722000 rw-p 00000000 00:00 0 
7fd921722000-7fd921723000 ---p 00000000 00:00 0 
7fd921723000-7fd921823000 rw-p 00000000 00:00 0 
7fd921823000-7fd921824000 ---p 00000000 00:00 0 
7fd921824000-7fd921924000 rw-p 00000000 00:00 0 
7fd921924000-7fd921925000 ---p 00000000 00:00 0 
7fd921925000-7fd921ac9000 rw-p 00000000 00:00 0 
7fd921ac9000-7fd921c25000 ---p 00000000 00:00 0 
7fd921c25000-7fd921cc9000 rw-p 00000000 00:00 0 
7fd921cc9000-7fd921e25000 ---p 00000000 00:00 0 
7fd921e25000-7fd921f25000 rw-p 00000000 00:00 0 
7fd921f25000-7fd921fc4000 rw-p 00000000 00:00 0 
7fd921fc4000-7fd9222e6000 ---p 00000000 00:00 0 
7fd9222e6000-7fd922300000 r-xp 00000000 08:05 2635020                    /home/whitehat/android-studio/jre/jre/lib/amd64/libzip.so
7fd922300000-7fd922500000 ---p 0001a000 08:05 2635020                    /home/whitehat/android-studio/jre/jre/lib/amd64/libzip.so
7fd922500000-7fd922501000 r--p 0001a000 08:05 2635020                    /home/whitehat/android-studio/jre/jre/lib/amd64/libzip.so
7fd922501000-7fd922502000 rw-p 0001b000 08:05 2635020                    /home/whitehat/android-studio/jre/jre/lib/amd64/libzip.so
7fd922502000-7fd92250d000 r-xp 00000000 08:05 532703                     /lib/x86_64-linux-gnu/libnss_files-2.24.so
7fd92250d000-7fd92270c000 ---p 0000b000 08:05 532703                     /lib/x86_64-linux-gnu/libnss_files-2.24.so
7fd92270c000-7fd92270d000 r--p 0000a000 08:05 532703                     /lib/x86_64-linux-gnu/libnss_files-2.24.so
7fd92270d000-7fd92270e000 rw-p 0000b000 08:05 532703                     /lib/x86_64-linux-gnu/libnss_files-2.24.so
7fd92270e000-7fd922714000 rw-p 00000000 00:00 0 
7fd922714000-7fd92271f000 r-xp 00000000 08:05 532705                     /lib/x86_64-linux-gnu/libnss_nis-2.24.so
7fd92271f000-7fd92291e000 ---p 0000b000 08:05 532705                     /lib/x86_64-linux-gnu/libnss_nis-2.24.so
7fd92291e000-7fd92291f000 r--p 0000a000 08:05 532705                     /lib/x86_64-linux-gnu/libnss_nis-2.24.so
7fd92291f000-7fd922920000 rw-p 0000b000 08:05 532705                     /lib/x86_64-linux-gnu/libnss_nis-2.24.so
7fd922920000-7fd922936000 r-xp 00000000 08:05 526549                     /lib/x86_64-linux-gnu/libnsl-2.24.so
7fd922936000-7fd922b35000 ---p 00016000 08:05 526549                     /lib/x86_64-linux-gnu/libnsl-2.24.so
7fd922b35000-7fd922b36000 r--p 00015000 08:05 526549                     /lib/x86_64-linux-gnu/libnsl-2.24.so
7fd922b36000-7fd922b37000 rw-p 00016000 08:05 526549                     /lib/x86_64-linux-gnu/libnsl-2.24.so
7fd922b37000-7fd922b39000 rw-p 00000000 00:00 0 
7fd922b39000-7fd922b41000 r-xp 00000000 08:05 532701                     /lib/x86_64-linux-gnu/libnss_compat-2.24.so
7fd922b41000-7fd922d40000 ---p 00008000 08:05 532701                     /lib/x86_64-linux-gnu/libnss_compat-2.24.so
7fd922d40000-7fd922d41000 r--p 00007000 08:05 532701                     /lib/x86_64-linux-gnu/libnss_compat-2.24.so
7fd922d41000-7fd922d42000 rw-p 00008000 08:05 532701                     /lib/x86_64-linux-gnu/libnss_compat-2.24.so
7fd922d42000-7fd922d6f000 r-xp 00000000 08:05 2635036                    /home/whitehat/android-studio/jre/jre/lib/amd64/libjava.so
7fd922d6f000-7fd922f6e000 ---p 0002d000 08:05 2635036                    /home/whitehat/android-studio/jre/jre/lib/amd64/libjava.so
7fd922f6e000-7fd922f6f000 r--p 0002c000 08:05 2635036                    /home/whitehat/android-studio/jre/jre/lib/amd64/libjava.so
7fd922f6f000-7fd922f71000 rw-p 0002d000 08:05 2635036                    /home/whitehat/android-studio/jre/jre/lib/amd64/libjava.so
7fd922f71000-7fd922f81000 r-xp 00000000 08:05 2635013                    /home/whitehat/android-studio/jre/jre/lib/amd64/libverify.so
7fd922f81000-7fd923180000 ---p 00010000 08:05 2635013                    /home/whitehat/android-studio/jre/jre/lib/amd64/libverify.so
7fd923180000-7fd923182000 r--p 0000f000 08:05 2635013                    /home/whitehat/android-studio/jre/jre/lib/amd64/libverify.so
7fd923182000-7fd923183000 rw-p 00011000 08:05 2635013                    /home/whitehat/android-studio/jre/jre/lib/amd64/libverify.so
7fd923183000-7fd92318a000 r-xp 00000000 08:05 532710                     /lib/x86_64-linux-gnu/librt-2.24.so
7fd92318a000-7fd923389000 ---p 00007000 08:05 532710                     /lib/x86_64-linux-gnu/librt-2.24.so
7fd923389000-7fd92338a000 r--p 00006000 08:05 532710                     /lib/x86_64-linux-gnu/librt-2.24.so
7fd92338a000-7fd92338b000 rw-p 00007000 08:05 532710                     /lib/x86_64-linux-gnu/librt-2.24.so
7fd92338b000-7fd923493000 r-xp 00000000 08:05 526546                     /lib/x86_64-linux-gnu/libm-2.24.so
7fd923493000-7fd923692000 ---p 00108000 08:05 526546                     /lib/x86_64-linux-gnu/libm-2.24.so
7fd923692000-7fd923693000 r--p 00107000 08:05 526546                     /lib/x86_64-linux-gnu/libm-2.24.so
7fd923693000-7fd923694000 rw-p 00108000 08:05 526546                     /lib/x86_64-linux-gnu/libm-2.24.so
7fd923694000-7fd924285000 r-xp 00000000 08:05 1323579                    /home/whitehat/android-studio/jre/jre/lib/amd64/server/libjvm.so
7fd924285000-7fd924485000 ---p 00bf1000 08:05 1323579                    /home/whitehat/android-studio/jre/jre/lib/amd64/server/libjvm.so
7fd924485000-7fd924524000 r--p 00bf1000 08:05 1323579                    /home/whitehat/android-studio/jre/jre/lib/amd64/server/libjvm.so
7fd924524000-7fd92454d000 rw-p 00c90000 08:05 1323579                    /home/whitehat/android-studio/jre/jre/lib/amd64/server/libjvm.so
7fd92454d000-7fd924591000 rw-p 00000000 00:00 0 
7fd924591000-7fd9245a9000 r-xp 00000000 08:05 532708                     /lib/x86_64-linux-gnu/libpthread-2.24.so
7fd9245a9000-7fd9247a9000 ---p 00018000 08:05 532708                     /lib/x86_64-linux-gnu/libpthread-2.24.so
7fd9247a9000-7fd9247aa000 r--p 00018000 08:05 532708                     /lib/x86_64-linux-gnu/libpthread-2.24.so
7fd9247aa000-7fd9247ab000 rw-p 00019000 08:05 532708                     /lib/x86_64-linux-gnu/libpthread-2.24.so
7fd9247ab000-7fd9247af000 rw-p 00000000 00:00 0 
7fd9247af000-7fd9247b2000 r-xp 00000000 08:05 526545                     /lib/x86_64-linux-gnu/libdl-2.24.so
7fd9247b2000-7fd9249b1000 ---p 00003000 08:05 526545                     /lib/x86_64-linux-gnu/libdl-2.24.so
7fd9249b1000-7fd9249b2000 r--p 00002000 08:05 526545                     /lib/x86_64-linux-gnu/libdl-2.24.so
7fd9249b2000-7fd9249b3000 rw-p 00003000 08:05 526545                     /lib/x86_64-linux-gnu/libdl-2.24.so
7fd9249b3000-7fd924b70000 r-xp 00000000 08:05 526542                     /lib/x86_64-linux-gnu/libc-2.24.so
7fd924b70000-7fd924d70000 ---p 001bd000 08:05 526542                     /lib/x86_64-linux-gnu/libc-2.24.so
7fd924d70000-7fd924d74000 r--p 001bd000 08:05 526542                     /lib/x86_64-linux-gnu/libc-2.24.so
7fd924d74000-7fd924d76000 rw-p 001c1000 08:05 526542                     /lib/x86_64-linux-gnu/libc-2.24.so
7fd924d76000-7fd924d7a000 rw-p 00000000 00:00 0 
7fd924d7a000-7fd924d90000 r-xp 00000000 08:05 2233794                    /home/whitehat/android-studio/jre/lib/amd64/jli/libjli.so
7fd924d90000-7fd924f8f000 ---p 00016000 08:05 2233794                    /home/whitehat/android-studio/jre/lib/amd64/jli/libjli.so
7fd924f8f000-7fd924f90000 r--p 00015000 08:05 2233794                    /home/whitehat/android-studio/jre/lib/amd64/jli/libjli.so
7fd924f90000-7fd924f91000 rw-p 00016000 08:05 2233794                    /home/whitehat/android-studio/jre/lib/amd64/jli/libjli.so
7fd924f91000-7fd924fb6000 r-xp 00000000 08:05 525602                     /lib/x86_64-linux-gnu/ld-2.24.so
7fd924fb6000-7fd924fb7000 r--s 00004000 08:05 335823                     /home/whitehat/.gradle/wrapper/dists/gradle-3.3-all/55gk2rcmfc6p2dg9u9ohc3hw9/gradle-3.3/lib/native-platform-freebsd-amd64-libcpp-0.12.jar
7fd924fb7000-7fd924fb8000 r--s 00002000 08:05 335812                     /home/whitehat/.gradle/wrapper/dists/gradle-3.3-all/55gk2rcmfc6p2dg9u9ohc3hw9/gradle-3.3/lib/gradle-docs-3.3.jar
7fd924fb8000-7fd924fb9000 r--s 00000000 08:05 335808                     /home/whitehat/.gradle/wrapper/dists/gradle-3.3-all/55gk2rcmfc6p2dg9u9ohc3hw9/gradle-3.3/lib/javax.inject-1.jar
7fd924fb9000-7fd924fba000 r--s 00000000 08:05 335807                     /home/whitehat/.gradle/wrapper/dists/gradle-3.3-all/55gk2rcmfc6p2dg9u9ohc3hw9/gradle-3.3/lib/jcip-annotations-1.0.jar
7fd924fba000-7fd924fbe000 r--s 00027000 08:05 335806                     /home/whitehat/.gradle/wrapper/dists/gradle-3.3-all/55gk2rcmfc6p2dg9u9ohc3hw9/gradle-3.3/lib/commons-io-2.2.jar
7fd924fbe000-7fd924fc3000 r--s 00038000 08:05 335803                     /home/whitehat/.gradle/wrapper/dists/gradle-3.3-all/55gk2rcmfc6p2dg9u9ohc3hw9/gradle-3.3/lib/asm-all-5.1.jar
7fd924fc3000-7fd924fc8000 r--s 00041000 08:05 335798                     /home/whitehat/.gradle/wrapper/dists/gradle-3.3-all/55gk2rcmfc6p2dg9u9ohc3hw9/gradle-3.3/lib/commons-lang-2.6.jar
7fd924fc8000-7fd92508a000 rw-p 00000000 00:00 0 
7fd92508a000-7fd92508d000 ---p 00000000 00:00 0 
7fd92508d000-7fd92518d000 rw-p 00000000 00:00 0 
7fd92518d000-7fd92518e000 r--s 00001000 08:05 335799                     /home/whitehat/.gradle/wrapper/dists/gradle-3.3-all/55gk2rcmfc6p2dg9u9ohc3hw9/gradle-3.3/lib/gradle-process-services-3.3.jar
7fd92518e000-7fd925190000 r--s 00000000 08:05 335789                     /home/whitehat/.gradle/wrapper/dists/gradle-3.3-all/55gk2rcmfc6p2dg9u9ohc3hw9/gradle-3.3/lib/gradle-jvm-services-3.3.jar
7fd925190000-7fd925191000 r--s 00000000 08:05 337822                     /home/whitehat/.gradle/wrapper/dists/gradle-3.3-all/55gk2rcmfc6p2dg9u9ohc3hw9/gradle-3.3/lib/gradle-version-info-3.3.jar
7fd925191000-7fd925192000 r--s 00007000 08:05 335796                     /home/whitehat/.gradle/wrapper/dists/gradle-3.3-all/55gk2rcmfc6p2dg9u9ohc3hw9/gradle-3.3/lib/slf4j-api-1.7.10.jar
7fd925192000-7fd925193000 r--s 00004000 08:05 335821                     /home/whitehat/.gradle/wrapper/dists/gradle-3.3-all/55gk2rcmfc6p2dg9u9ohc3hw9/gradle-3.3/lib/ant-launcher-1.9.6.jar
7fd925193000-7fd92519c000 r--s 00042000 08:05 335788                     /home/whitehat/.gradle/wrapper/dists/gradle-3.3-all/55gk2rcmfc6p2dg9u9ohc3hw9/gradle-3.3/lib/gradle-base-services-3.3.jar
7fd92519c000-7fd9251a9000 r--s 0005c000 08:05 335785                     /home/whitehat/.gradle/wrapper/dists/gradle-3.3-all/55gk2rcmfc6p2dg9u9ohc3hw9/gradle-3.3/lib/gradle-launcher-3.3.jar
7fd9251a9000-7fd9251b1000 rw-s 00000000 08:05 2923132                    /tmp/hsperfdata_whitehat/28525
7fd9251b1000-7fd9251b2000 rw-p 00000000 00:00 0 
7fd9251b2000-7fd9251b3000 ---p 00000000 00:00 0 
7fd9251b3000-7fd9251b6000 rw-p 00000000 00:00 0 
7fd9251b6000-7fd9251b7000 r--p 00025000 08:05 525602                     /lib/x86_64-linux-gnu/ld-2.24.so
7fd9251b7000-7fd9251b8000 rw-p 00026000 08:05 525602                     /lib/x86_64-linux-gnu/ld-2.24.so
7fd9251b8000-7fd9251b9000 rw-p 00000000 00:00 0 
7ffe6d012000-7ffe6d033000 rw-p 00000000 00:00 0                          [stack]
7ffe6d051000-7ffe6d053000 r--p 00000000 00:00 0                          [vvar]
7ffe6d053000-7ffe6d055000 r-xp 00000000 00:00 0                          [vdso]
ffffffffff600000-ffffffffff601000 r-xp 00000000 00:00 0                  [vsyscall]

VM Arguments:
jvm_args: -Xmx1536m -Dfile.encoding=UTF-8 -Duser.country=US -Duser.language=en -Duser.variant 
java_command: org.gradle.launcher.daemon.bootstrap.GradleDaemon 3.3
java_class_path (initial): /home/whitehat/.gradle/wrapper/dists/gradle-3.3-all/55gk2rcmfc6p2dg9u9ohc3hw9/gradle-3.3/lib/gradle-launcher-3.3.jar
Launcher Type: SUN_STANDARD

Environment Variables:
PATH=/home/whitehat/bin:/home/whitehat/.local/bin:/usr/local/sbin:/usr/local/bin:/usr/sbin:/usr/bin:/sbin:/bin:/usr/games:/usr/local/games:/snap/bin
LD_LIBRARY_PATH=/home/whitehat/android-studio/bin:
SHELL=/bin/bash
DISPLAY=:0

Signal Handlers:
SIGSEGV: [libjvm.so+0x9e5150], sa_mask[0]=11111111011111111101111111111110, sa_flags=SA_RESTART|SA_SIGINFO
SIGBUS: [libjvm.so+0x9e5150], sa_mask[0]=11111111011111111101111111111110, sa_flags=SA_RESTART|SA_SIGINFO
SIGFPE: [libjvm.so+0x848450], sa_mask[0]=11111111011111111101111111111110, sa_flags=SA_RESTART|SA_SIGINFO
SIGPIPE: [libjvm.so+0x848450], sa_mask[0]=11111111011111111101111111111110, sa_flags=SA_RESTART|SA_SIGINFO
SIGXFSZ: [libjvm.so+0x848450], sa_mask[0]=11111111011111111101111111111110, sa_flags=SA_RESTART|SA_SIGINFO
SIGILL: [libjvm.so+0x848450], sa_mask[0]=11111111011111111101111111111110, sa_flags=SA_RESTART|SA_SIGINFO
SIGUSR1: SIG_DFL, sa_mask[0]=00000000000000000000000000000000, sa_flags=none
SIGUSR2: [libjvm.so+0x848320], sa_mask[0]=00100000000000000000000000000000, sa_flags=SA_RESTART|SA_SIGINFO
SIGHUP: [libjvm.so+0x848510], sa_mask[0]=11111111011111111101111111111110, sa_flags=SA_RESTART|SA_SIGINFO
SIGINT: [libjvm.so+0x848510], sa_mask[0]=11111111011111111101111111111110, sa_flags=SA_RESTART|SA_SIGINFO
SIGTERM: [libjvm.so+0x848510], sa_mask[0]=11111111011111111101111111111110, sa_flags=SA_RESTART|SA_SIGINFO
SIGQUIT: [libjvm.so+0x848510], sa_mask[0]=11111111011111111101111111111110, sa_flags=SA_RESTART|SA_SIGINFO


---------------  S Y S T E M  ---------------

OS:DISTRIB_ID=Ubuntu
DISTRIB_RELEASE=17.04
DISTRIB_CODENAME=zesty
DISTRIB_DESCRIPTION="Ubuntu 17.04"

uname:Linux 4.10.0-041000-generic #201702191831 SMP Sun Feb 19 23:33:19 UTC 2017 x86_64
libc:glibc 2.24 NPTL 2.24 
rlimit: STACK 8192k, CORE 0k, NPROC 23229, NOFILE 65536, AS infinity
load average:4,60 4,11 2,14

/proc/meminfo:
MemTotal:        5992352 kB
MemFree:          124472 kB
MemAvailable:      49244 kB
Buffers:            7752 kB
Cached:           519988 kB
SwapCached:            0 kB
Active:          5079908 kB
Inactive:         499692 kB
Active(anon):    5055016 kB
Inactive(anon):   477416 kB
Active(file):      24892 kB
Inactive(file):    22276 kB
Unevictable:          80 kB
Mlocked:              80 kB
SwapTotal:             0 kB
SwapFree:              0 kB
Dirty:               112 kB
Writeback:         10860 kB
AnonPages:       5052172 kB
Mapped:           198452 kB
Shmem:            480372 kB
Slab:             113768 kB
SReclaimable:      58000 kB
SUnreclaim:        55768 kB
KernelStack:       15120 kB
PageTables:        75016 kB
NFS_Unstable:          0 kB
Bounce:                0 kB
WritebackTmp:          0 kB
CommitLimit:     2996176 kB
Committed_AS:   12291980 kB
VmallocTotal:   34359738367 kB
VmallocUsed:           0 kB
VmallocChunk:          0 kB
HardwareCorrupted:     0 kB
AnonHugePages:   2015232 kB
ShmemHugePages:        0 kB
ShmemPmdMapped:        0 kB
CmaTotal:              0 kB
CmaFree:               0 kB
HugePages_Total:       0
HugePages_Free:        0
HugePages_Rsvd:        0
HugePages_Surp:        0
Hugepagesize:       2048 kB
DirectMap4k:      198764 kB
DirectMap2M:     5976064 kB


CPU:total 4 (2 cores per cpu, 2 threads per core) family 6 model 58 stepping 9, cmov, cx8, fxsr, mmx, sse, sse2, sse3, ssse3, sse4.1, sse4.2, popcnt, avx, clmul, erms, ht, tsc, tscinvbit, tscinv

/proc/cpuinfo:
processor	: 0
vendor_id	: GenuineIntel
cpu family	: 6
model		: 58
model name	: Intel(R) Core(TM) i3-3217U CPU @ 1.80GHz
stepping	: 9
microcode	: 0x1c
cpu MHz		: 1648.168
cache size	: 3072 KB
physical id	: 0
siblings	: 4
core id		: 0
cpu cores	: 2
apicid		: 0
initial apicid	: 0
fpu		: yes
fpu_exception	: yes
cpuid level	: 13
wp		: yes
flags		: fpu vme de pse tsc msr pae mce cx8 apic sep mtrr pge mca cmov pat pse36 clflush dts acpi mmx fxsr sse sse2 ss ht tm pbe syscall nx rdtscp lm constant_tsc arch_perfmon pebs bts rep_good nopl xtopology nonstop_tsc aperfmperf pni pclmulqdq dtes64 monitor ds_cpl vmx est tm2 ssse3 cx16 xtpr pdcm pcid sse4_1 sse4_2 x2apic popcnt tsc_deadline_timer xsave avx f16c lahf_lm epb tpr_shadow vnmi flexpriority ept vpid fsgsbase smep erms xsaveopt dtherm ida arat pln pts
bugs		:
bogomips	: 3591.82
clflush size	: 64
cache_alignment	: 64
address sizes	: 36 bits physical, 48 bits virtual
power management:

processor	: 1
vendor_id	: GenuineIntel
cpu family	: 6
model		: 58
model name	: Intel(R) Core(TM) i3-3217U CPU @ 1.80GHz
stepping	: 9
microcode	: 0x1c
cpu MHz		: 1537.316
cache size	: 3072 KB
physical id	: 0
siblings	: 4
core id		: 1
cpu cores	: 2
apicid		: 2
initial apicid	: 2
fpu		: yes
fpu_exception	: yes
cpuid level	: 13
wp		: yes
flags		: fpu vme de pse tsc msr pae mce cx8 apic sep mtrr pge mca cmov pat pse36 clflush dts acpi mmx fxsr sse sse2 ss ht tm pbe syscall nx rdtscp lm constant_tsc arch_perfmon pebs bts rep_good nopl xtopology nonstop_tsc aperfmperf pni pclmulqdq dtes64 monitor ds_cpl vmx est tm2 ssse3 cx16 xtpr pdcm pcid sse4_1 sse4_2 x2apic popcnt tsc_deadline_timer xsave avx f16c lahf_lm epb tpr_shadow vnmi flexpriority ept vpid fsgsbase smep erms xsaveopt dtherm ida arat pln pts
bugs		:
bogomips	: 3592.75
clflush size	: 64
cache_alignment	: 64
address sizes	: 36 bits physical, 48 bits virtual
power management:

processor	: 2
vendor_id	: GenuineIntel
cpu family	: 6
model		: 58
model name	: Intel(R) Core(TM) i3-3217U CPU @ 1.80GHz
stepping	: 9
microcode	: 0x1c
cpu MHz		: 1696.838
cache size	: 3072 KB
physical id	: 0
siblings	: 4
core id		: 0
cpu cores	: 2
apicid		: 1
initial apicid	: 1
fpu		: yes
fpu_exception	: yes
cpuid level	: 13
wp		: yes
flags		: fpu vme de pse tsc msr pae mce cx8 apic sep mtrr pge mca cmov pat pse36 clflush dts acpi mmx fxsr sse sse2 ss ht tm pbe syscall nx rdtscp lm constant_tsc arch_perfmon pebs bts rep_good nopl xtopology nonstop_tsc aperfmperf pni pclmulqdq dtes64 monitor ds_cpl vmx est tm2 ssse3 cx16 xtpr pdcm pcid sse4_1 sse4_2 x2apic popcnt tsc_deadline_timer xsave avx f16c lahf_lm epb tpr_shadow vnmi flexpriority ept vpid fsgsbase smep erms xsaveopt dtherm ida arat pln pts
bugs		:
bogomips	: 3593.35
clflush size	: 64
cache_alignment	: 64
address sizes	: 36 bits physical, 48 bits virtual
power management:

processor	: 3
vendor_id	: GenuineIntel
cpu family	: 6
model		: 58
model name	: Intel(R) Core(TM) i3-3217U CPU @ 1.80GHz
stepping	: 9
microcode	: 0x1c
cpu MHz		: 1542.810
cache size	: 3072 KB
physical id	: 0
siblings	: 4
core id		: 1
cpu cores	: 2
apicid		: 3
initial apicid	: 3
fpu		: yes
fpu_exception	: yes
cpuid level	: 13
wp		: yes
flags		: fpu vme de pse tsc msr pae mce cx8 apic sep mtrr pge mca cmov pat pse36 clflush dts acpi mmx fxsr sse sse2 ss ht tm pbe syscall nx rdtscp lm constant_tsc arch_perfmon pebs bts rep_good nopl xtopology nonstop_tsc aperfmperf pni pclmulqdq dtes64 monitor ds_cpl vmx est tm2 ssse3 cx16 xtpr pdcm pcid sse4_1 sse4_2 x2apic popcnt tsc_deadline_timer xsave avx f16c lahf_lm epb tpr_shadow vnmi flexpriority ept vpid fsgsbase smep erms xsaveopt dtherm ida arat pln pts
bugs		:
bogomips	: 3592.91
clflush size	: 64
cache_alignment	: 64
address sizes	: 36 bits physical, 48 bits virtual
power management:



Memory: 4k page, physical 5992352k(124472k free), swap 0k(0k free)

vm_info: OpenJDK 64-Bit Server VM (25.112-b06) for linux-amd64 JRE (1.8.0_112-release-b06), built on Dec  6 2016 12:11:18 by "builder" with gcc 4.8.4

time: Thu May 11 07:35:59 2017
elapsed time: 144 seconds (0d 0h 2m 24s)

